<?xml version="1.0" encoding="UTF-8" ?>
<testsuite errors="0" failures="0" hostname="acasado" name="es.ceu.mpII.javaio.copiaBinarios.CopiadorFicherosTest" tests="3" time="33.546" timestamp="2010-12-15T18:49:57">
  <properties>
[...]
</properties>
  <testcase classname="es.ceu.mpII.javaio.copiaBinarios.CopiadorFicherosTest" name="deberiaPoderCopiarUnFicheroByteAByte" time="17.172" />
  <testcase classname="es.ceu.mpII.javaio.copiaBinarios.CopiadorFicherosTest" name="deberiaPoderCopiarUnFicheroEnBloquesDeBytes" time="0.047" />
  <testcase classname="es.ceu.mpII.javaio.copiaBinarios.CopiadorFicherosTest" name="deberiaPoderCopiarUnFicheroUsandoBuffers" time="15.187" />
  <system-out><![CDATA[]]></system-out>
  <system-err><![CDATA[]]></system-err>
</testsuite>
