<?xml version="1.0" encoding="UTF-8" ?>
<testsuite errors="0" failures="0" hostname="casado" name="es.ceu.mpII.colecciones.bombo.BomboLoteriasTest" tests="1" time="14.235" timestamp="2010-11-11T17:28:47">
  <properties>
[...]
</properties>
  <testcase classname="es.ceu.mpII.colecciones.bombo.BomboLoteriasTest" name="LePido3BolasYMeDevuelveSeisDistintas" time="13.282" />
  <system-out><![CDATA[9168
27720
61561
66261
71438
36474
70144
41868
81482
23096
51822
84433
14653
45125
82560
95609
87749
16929
98694
82449
15407
69082
70385
5529
22213
7342
73985
37872
14715
51726
58947
19151
37437
60396
99712
27971
31743
61049
76161
84265
84438
84380
96122
15778
22632
61198
25984
81411
18081
21227
50468
99715
49319
54263
78935
74950
71964
44357
73867
11578
65951
535
81800
21904
10028
39066
52586
73358
9539
9073
55643
38938
59969
48723
48318
39322
46975
54
2294
61977
33988
10595
54100
94991
52565
31685
51579
71941
53134
67852
81547
17229
24714
40240
21072
25244
41809
32682
95021
16291
58021
70290
69414
93972
98304
52178
58795
72573
52473
32669
95281
3502
36032
56816
56264
77787
84642
14671
97709
54558
49862
29388
9084
96683
15164
52297
31038
5413
21978
51066
16461
83528
95554
27141
70672
22041
3939
49254
74545
47212
26978
93799
64596
23298
27024
97762
17899
28721
4319
19166
93635
90559
67178
72177
34759
2829
73519
4571
34746
2564
11424
24279
23241
10938
24391
89218
15784
95691
69960
79420
78321
4930
22989
69085
96525
39055
29131
57348
58490
84684
21974
52309
20343
41178
31500
54508
32974
8854
16876
79574
31057
6221
83375
48007
52313
40931
89194
32061
98503
42537
36378
59501
68643
12081
70255
10751
25959
77612
49247
24744
34997
60869
59232
72860
64943
92663
50753
38719
88750
54844
6648
42299
87510
80444
77751
94592
91418
37868
8908
37176
86338
99739
84322
66571
49355
55284
5927
36988
33324
74617
321
32704
83751
22395
91352
32912
46194
46368
29238
87957
68574
24371
57364
63465
20505
2033
68581
26287
13832
85357
25350
98227
91712
32414
48481
79955
3685
44358
10530
37820
12403
38515
9484
45724
13237
1334
25842
596
31420
2064
57639
8789
88357
5410
5146
26373
76043
52772
76007
70472
7589
60339
86806
91492
21061
29562
4326
18305
2852
71689
45644
497
74446
31070
6107
27897
40846
41049
78893
58628
29904
39466
27342
4483
18814
79441
27280
90878
27323
47910
96376
26835
77449
62116
30812
8893
27990
22224
33280
21104
87827
46331
97680
49280
38974
82627
92529
6451
60554
94373
93226
20632
14580
16271
70640
24380
26858
41811
91616
99044
32495
10110
63351
27877
30902
94427
60251
73085
78458
85070
29796
81833
51917
2432
45293
39991
42094
38243
29754
44788
21057
55955
91592
79149
95013
15515
59010
45863
2987
46487
38542
28275
91549
32718
48888
54872
92501
18646
36448
71172
85782
51285
50876
87210
85926
7454
23712
73992
18707
70987
69076
66263
66412
74389
24075
97085
6046
10346
42850
67669
60196
43695
70626
48042
69509
60232
75249
38997
12516
96222
17825
86163
10784
7663
95323
65385
10957
61623
30996
58756
2599
15184
23913
12821
84192
66038
95263
11628
49627
46853
83829
65286
78879
80821
97576
567
58651
13952
90801
42306
94120
76450
15777
26179
77899
93789
46805
96892
86202
93593
81419
69820
40854
56857
35685
50735
99021
95830
94770
81893
273
1226
4874
98913
10127
23736
1728
97384
80356
96978
3275
69
93803
20953
45485
76159
92310
64288
29145
62720
48243
6559
59067
75237
23532
70879
18913
81464
35886
61721
88380
79567
88955
77976
24344
94653
9033
90421
60668
11591
94637
96310
76490
25979
31799
26849
93267
86009
26286
70811
3555
41522
98682
2944
514
99141
10542
25217
50111
56403
83256
8266
74067
89374
1911
90487
8031
47428
7411
18497
20392
82639
79494
73392
20696
96641
73649
88150
78818
86855
32065
64390
88948
73002
82958
2590
16006
59177
65721
89195
29331
9244
92893
82939
20820
63754
57831
91799
7831
27093
51595
63858
51829
7372
33773
90616
72399
7328
31709
14549
5554
56522
33246
51556
25503
35721
32612
11704
79287
41805
54746
75778
26114
65008
46613
9224
87955
51430
38599
62499
38731
7347
35597
16756
79167
61116
42252
39120
28831
75438
44526
75144
18138
23350
46401
46767
21610
80268
79066
57463
65852
65697
71580
32711
22950
37053
93150
87148
18569
47906
36030
33616
44901
6828
31522
6491
58352
3137
85074
65649
57411
36950
55888
21314
76105
94476
63354
30681
57487
42073
6933
55208
83224
85565
32603
92940
6787
11674
46632
42838
1516
50873
13761
23361
18317
18393
95375
36883
87047
14596
738
3225
50955
2191
52839
39825
12070
39542
2408
87682
99047
87593
58099
98927
71282
63774
16259
97516
96094
40093
65519
43803
22601
68092
60836
44252
32028
61368
92020
90819
87074
31386
35492
39162
62237
41729
52058
74460
69245
65977
1549
42845
74517
13426
67173
47859
61178
38502
41314
3029
62037
6092
66316
61857
87341
1440
83975
51170
75630
50232
68538
62508
51056
54936
25942
22264
31535
3184
81101
37584
57667
6294
14883
35827
6397
72073
85207
1920
99003
80260
16343
38492
30099
56175
74009
97450
73027
20402
51287
60152
7429
41849
48984
23081
76395
83030
82094
26351
72150
22245
30402
61911
22643
70763
20759
46587
8919
33963
82427
74241
43537
48967
96840
36769
20637
21743
93297
55044
71158
61961
81624
50217
68340
20182
6285
4366
5219
18261
10728
93893
11444
86131
80951
97605
58434
4341
19895
94240
75273
77706
64168
82247
43951
47702
74350
24861
43765
73527
63640
32971
11982
61330
66892
95828
7118
73463
22588
54980
515
39131
41956
29610
7387
8763
11909
43652
34710
15328
97931
40593
25966
90210
8796
80853
57486
39487
78015
27351
17531
67160
95022
33432
96847
8452
1532
24340
1338
13423
90097
73710
34068
62167
7623
16693
67596
11979
45356
26888
75924
85814
47032
41409
76128
59714
27295
59739
44757
9768
10261
30105
40774
69959
5708
54289
30578
2713
48938
76908
86789
12000
7812
52587
58665
89160
22906
40928
68938
12129
89071
97397
40876
77374
54070
89050
14851
85606
66155
48671
70118
46503
64983
55428
93479
93696
71995
38963
66833
1729
56573
21032
81417
50178
41810
81033
2630
54282
45855
56610
9464
15106
41571
60035
86920
259
39188
12834
7483
54971
12124
35192
76747
85966
46071
9819
33758
21211
79478
70757
80918
49389
17949
45393
15451
4205
85423
80438
37316
86931
4082
8960
50497
73370
21688
79321
50918
68224
18742
86304
29060
18286
31458
99593
52717
70213
62086
4376
62896
16969
56373
56622
89764
32201
23554
82930
69194
44579
18772
42271
66734
47517
77305
41056
8134
58615
8652
80669
27673
67196
50793
71000
34944
68667
83028
80794
61364
71805
78725
93904
315
67233
8535
99852
91866
30324
76516
12132
30399
27006
42342
16455
41393
51552
68196
96153
57886
79728
9622
45626
13123
43463
36205
73063
21304
93326
22502
51074
40822
99779
69261
37844
22956
90023
27820
83818
22206
39766
14065
57234
10031
45124
61408
95163
27538
57650
75210
62171
69574
5938
68886
45252
92409
45750
8118
65098
78843
97635
92550
65716
91278
90891
59803
70773
36263
89164
7503
30899
90742
18721
87958
21123
43646
39708
39900
90697
15821
21148
58875
76256
34547
78850
45211
79497
40505
86820
47057
44339
38857
49129
65341
29918
12334
21303
35389
91925
85819
46776
54443
83084
82429
13902
37509
68781
69851
98803
52052
63692
29246
46985
34741
78799
17273
94656
31586
43390
94587
16200
99034
24124
27989
58556
70842
5948
77781
18202
41876
57472
26892
36900
73954
24023
3704
28692
65051
71588
16881
83323
60389
51559
79562
38530
47356
83588
12192
82007
56704
34459
53144
67728
76985
27871
86906
45875
97027
62683
38258
94808
61002
46091
7109
59618
94645
21399
51370
39694
63230
20653
12577
63439
92218
79134
46752
15035
82172
82473
42461
46822
3721
97783
75371
2205
48088
82425
8283
63558
93841
24458
1465
1588
13222
47629
84041
86930
11489
60006
42806
39864
55877
63209
5308
90712
62144
77884
40126
29608
50514
68530
33777
39459
92437
65639
96365
56580
83144
55943
63502
74927
23814
92005
9226
65566
1922
26900
12716
32775
39917
82369
98026
33822
54017
41423
44763
77719
70937
30421
87041
18533
47861
58408
43779
83680
38129
75217
26875
256
36130
48126
2606
37712
67502
27176
53792
38558
81022
89527
44809
28084
569
26841
40090
42024
98858
85247
48411
68503
83603
93785
7057
51015
40960
46390
44367
88468
34694
72951
32210
58457
18881
14458
32861
21889
25627
85063
67124
84853
58931
39624
81511
9985
20423
17188
6279
21999
33501
82180
93189
41553
36045
71860
43814
57497
59627
72823
53953
94006
20560
26758
77919
13291
80869
36264
37579
20008
21118
39818
68121
27392
84191
87840
7491
59896
68177
85942
18828
51477
25127
87752
85375
41368
84517
88801
31617
79690
89410
43521
45520
77801
50794
14372
63823
42584
98937
76965
88563
24
31143
43228
81457
57827
94197
86450
42580
67476
55928
4905
69064
87920
37892
68187
40055
35268
21365
88400
85635
8130
47440
65071
61810
35779
78733
17780
95075
4153
486
97936
49590
65751
65688
5108
65875
60503
45186
11380
59273
11496
9984
76652
43848
2462
73327
24027
39844
77679
1954
50452
76673
37528
96895
23273
65356
44019
78580
69386
64159
34348
23561
59144
18515
90918
27541
14295
33206
5637
93410
76570
34135
45119
88975
69075
48384
3622
39532
90624
7492
31115
51207
72107
23750
45240
21700
61714
59892
73160
21197
52854
70681
67320
5234
54208
66710
61034
45237
72483
67378
64395
63751
76666
37981
19470
32676
98934
35383
57169
19301
17475
16667
9833
88490
66429
78474
27279
69507
96707
984
81923
65737
23829
71001
79427
81168
71676
62393
72662
93723
42051
86164
71562
97100
17125
90117
34172
68767
60175
9853
87644
81792
68948
44576
50943
41413
39499
73668
11938
13790
72248
31092
5073
74992
28560
48651
90390
88163
396
9042
28871
4756
52901
61968
8749
67759
92877
35160
47510
13684
79208
49794
65072
30360
35675
56657
60662
81452
11825
30528
54594
37343
22291
22163
29956
57503
57454
63550
90355
65872
25880
96315
13321
58123
98884
93034
78343
95414
48658
23148
98823
33086
8795
27699
16074
91717
16529
88529
12553
97973
50790
91413
91116
18869
5752
15357
57106
449
32530
40676
19615
93989
17578
25634
56800
92311
79087
82990
4676
24162
11654
3433
4369
27525
46592
19100
49749
66999
36320
87875
92096
30126
84737
23021
78751
6063
31563
81840
77018
90629
71279
74622
33372
33923
77399
66997
41579
15868
45828
83203
54670
35149
6773
32700
56935
28406
5367
38309
40152
2707
69711
18816
16405
75379
59418
56581
64240
3834
50861
99749
39083
40804
44926
9109
33540
66592
73259
40080
21188
87064
52726
75241
43148
82663
29166
85270
86659
2847
66907
20250
18935
44562
80287
94479
69772
96906
20843
16810
81402
6459
83885
56036
75634
24694
13984
59861
86098
93458
82493
47168
20248
31172
6039
56077
64008
7367
49335
78563
14299
65939
8043
26936
89361
13407
26145
47302
65834
91323
50905
39798
32737
29929
40220
335
42028
5653
37111
82194
31553
81209
81460
65630
19563
83067
11800
48726
5098
15215
23471
51558
98670
26214
58357
67795
83027
86646
55706
28611
83728
29952
23402
91304
3900
73293
65138
65526
47052
65733
48251
81284
9120
22842
27386
55948
53084
80144
18929
71629
6156
30893
52659
42687
90841
88690
83846
2528
87775
87627
95476
73162
56947
59368
16925
996
49189
76758
97746
74639
43792
65915
11776
65684
64834
29189
69048
44663
83261
93139
61455
36718
64403
46819
80554
11251
63134
76337
62504
53216
73328
50569
26906
22614
55240
52484
29757
12972
87182
83074
5126
51614
46002
19438
21433
40109
8759
8516
55036
54914
65663
12832
76245
52667
58238
35316
42999
65859
11275
55901
73759
44711
21316
44013
70240
33496
6900
37361
91804
96244
49912
13776
4528
76810
9287
29123
64583
90166
42314
95322
48506
74069
4548
10076
26678
37526
16970
97664
65416
8624
77383
54115
64107
15678
3844
99875
91932
26394
23543
59535
54944
45594
84955
59504
60844
87629
12606
67900
96194
40719
55754
69542
9836
50453
44115
64539
98118
18036
30203
8647
99203
25851
16734
70934
81081
9489
87889
30497
68428
76715
60399
60126
852
7144
77328
19698
36990
99919
80353
57039
40836
84386
40631
73711
74599
24597
52101
13917
56854
88197
36780
20910
59483
63270
6694
20361
58770
41111
13502
4633
35919
349
51000
3162
53749
24864
8397
35790
62228
26239
21565
88428
229
37070
69300
36938
60719
42790
10710
40911
55195
54327
47197
35019
37014
2155
69740
26723
90916
45591
66441
3287
58735
57947
54977
72169
1910
93337
2664
88291
96907
16038
41861
5913
72867
74316
9408
89452
17769
99202
99094
89467
77577
97496
45332
72654
30835
47165
99265
25721
31906
24854
86812
87730
55968
14880
26493
53702
84502
67968
11054
75316
42308
49546
68675
45041
50302
40385
83970
3129
71084
44856
97988
34912
85934
79310
50536
87637
18647
45612
56270
23658
92480
84034
15133
33021
4217
102
60824
36122
45789
41686
17558
48046
18570
25044
84626
55104
29272
59503
71541
66071
75215
95568
412
96323
41230
6809
78141
88424
10197
81589
68022
54677
18
8969
42295
74866
22963
43804
68742
30226
8210
65204
71463
13284
12329
46370
35324
84491
79223
16907
53042
8777
81541
54233
89362
40517
65311
38300
61463
34360
32021
64397
71499
92027
4247
39248
4426
9733
63453
86337
45885
53091
90720
3028
24619
71066
2397
94412
67820
1518
97185
3302
83470
48594
42658
22232
68036
99191
35016
12950
36564
59303
67602
16457
95544
63176
91295
15785
9720
45678
61209
59513
23353
87127
91361
41984
64598
248
87180
38310
5203
84521
9341
49709
16359
47678
52943
76665
67170
5933
11693
28419
9101
28203
9155
32006
1875
90065
88777
34095
78695
96657
58761
44251
38306
73605
74045
80034
77606
43262
82942
22661
27120
23788
4079
79245
17369
37518
81167
62970
50513
43745
84652
11237
71517
26249
2722
64545
14358
86274
92374
24709
41271
34290
86321
50975
37284
24353
68842
41483
20441
25573
80932
78404
19864
15256
94917
27870
80957
11660
7999
78214
68875
38453
9557
94715
89881
52999
85215
51209
71187
87466
73608
37008
63835
27961
5022
90746
50440
8301
35738
6776
80921
7401
15630
42671
79551
51377
99801
10886
79555
22429
59807
54770
2066
74022
53226
88520
88562
67005
12580
27728
54166
67950
93350
2229
78393
90225
49871
65987
40857
96243
51719
26871
19389
12120
25545
54615
4135
12189
20811
25207
99433
65723
50815
19173
37270
86469
84937
46584
13865
93999
69291
96651
6310
71972
83156
98296
63020
45266
82490
46541
18777
3998
18344
94079
33001
14357
5363
34558
3802
98967
30012
76687
84556
27722
50342
80099
13380
39468
53972
624
32384
97721
88913
67420
5210
46697
87246
72384
43327
7267
84993
29489
77624
9320
86905
27892
7083
47793
99763
79240
99896
7253
9331
32455
63223
86243
78633
41052
31089
46050
69039
48633
4056
61838
98807
90052
56110
51043
75699
97167
46812
21913
39258
33826
60020
67746
7091
22863
69480
33024
22681
43317
6473
85721
29085
13150
66658
21479
18489
3658
65284
40182
86414
72752
68172
88925
52423
46382
20126
824
97702
27859
24823
1336
8361
55916
58593
71302
81796
36705
9921
29089
74598
97792
38544
35887
40139
18136
75647
99586
50909
69776
97963
49695
12025
99856
46299
8800
13532
53014
51751
65473
56789
7037
37466
98533
81304
91016
37647
97062
96810
91397
21493
73258
43949
40277
22899
78216
14154
90523
24019
3787
76104
11757
64808
23965
97703
82591
62232
25259
56058
87503
14147
16132
51782
79882
87928
68295
61950
83927
84624
2207
10107
40695
6445
38271
72204
82313
91465
11270
93427
98506
16022
46197
73914
28770
46347
61415
8914
56689
66672
33377
41748
99380
56503
59771
94301
64810
58298
94689
55297
96708
55801
99114
97068
54518
33709
46889
34193
41892
41912
78621
21557
85340
82634
27408
92706
8641
81957
65868
63075
45035
81490
34780
9937
67195
53196
84787
15390
1201
96969
88477
21097
8585
7997
78634
92429
88640
65953
21680
94635
57963
61771
18760
76333
41025
84271
39152
98863
59850
34674
14719
5545
51939
85352
61272
430
6123
87740
13220
52302
66308
19091
97379
48951
80273
4254
59441
75240
44349
81216
10460
17709
83382
41870
37332
92837
37907
58245
51728
17501
91306
12668
33847
75969
57113
15100
65123
17762
85022
20374
94341
47991
55017
26535
36556
53898
71015
54528
5402
67135
62204
43322
50359
83633
74756
68836
57475
77472
10313
8071
59593
25914
68233
13151
74969
33828
64996
19255
40881
97145
4704
60850
22829
84872
91153
43484
88279
56024
15800
53801
85054
91722
49924
94644
62378
24076
70607
78264
56825
35854
29914
3086
86224
88565
60104
75372
80831
90024
30130
81737
49441
6815
72631
98240
14656
90513
3986
37104
55315
17829
40768
39663
54638
50157
32209
55083
23425
32563
74530
74657
48439
96493
19632
47042
80021
19647
12133
24037
78889
76421
76717
59381
3333
35163
32896
11018
38863
17835
63883
22591
47143
59556
4283
71807
48374
24985
22801
60832
89781
43222
43477
84988
39737
63682
17681
18379
41944
91875
24036
81360
91130
77161
76409
42733
42814
91768
40260
79082
68665
25211
53683
40371
62509
5109
57521
24738
9107
53617
18142
85263
78394
95408
76615
45688
51469
53122
46089
32332
13383
99095
16655
88395
91872
60274
93222
38425
30153
31492
77502
45139
12739
23667
69622
86988
27059
14479
45991
64380
93249
16995
71231
2213
54377
81058
69176
61752
15978
76199
35547
40111
69967
4859
40000
1727
13515
11598
13747
37925
73645
52472
97142
95056
95845
79434
77712
77767
19783
12486
15513
3110
86176
4035
81129
75575
10618
39408
95978
92844
45197
13470
73035
35469
16367
76432
72651
52331
90226
99121
91681
55858
97658
2810
68557
48600
30333
94005
82338
79470
47988
2602
25195
5466
67127
71271
44909
41941
58206
3492
39727
62867
77263
16579
21394
97908
96873
22664
14697
84494
59225
14561
18315
97690
11073
49684
62429
15422
9094
17831
67451
74560
46848
74915
66676
1356
73466
10424
99891
65652
12819
87394
10968
11436
2128
65403
6286
88036
42972
96118
25024
4329
64742
91732
21809
27465
33585
42924
84830
32282
34992
69633
12109
66293
79146
63709
85919
37543
77292
67823
96781
76873
41547
84278
21315
2824
26917
40917
20369
50249
1476
35784
28564
74377
4556
37156
56992
99325
8774
60581
40010
59363
61674
13737
83171
7236
59472
53157
40720
81855
21274
10171
21890
82086
34852
46103
86543
48608
69325
17871
1850
27745
24309
78197
48043
96763
9090
70963
13590
97717
60794
82067
30244
55540
45814
36843
99945
48534
28543
37988
36232
18107
36618
96529
25949
37375
51230
98303
87888
47684
18350
36998
61920
94966
17398
74048
49866
20418
57253
52628
64228
71323
66392
48196
41037
71804
66554
19853
97079
49138
44201
78004
46475
6762
85415
40718
62281
63661
88159
41645
49174
80395
22619
84063
1822
1223
95744
51676
79072
50117
84850
38077
6280
43047
31947
60345
10703
60993
98988
31463
8133
29587
63316
24499
65082
58251
23195
70509
15351
56399
76061
14464
967
59603
34207
11349
89987
1420
63993
63630
50344
92258
4309
52522
26336
83449
61248
25526
26053
2371
57730
25455
71309
93563
37525
22341
49504
5723
20756
92975
90234
22053
4940
84979
62539
86380
63016
91119
89329
92730
5965
99537
5116
96160
98928
3313
90323
16444
12564
50932
1618
73177
96519
49516
63337
79867
9358
87852
11164
50223
35458
53826
91110
20190
74353
67101
99895
52624
4327
53424
58087
21380
63520
60759
80126
63792
8316
38452
24936
38354
71925
32184
50620
29121
89677
28283
2738
33659
56237
99660
12584
91503
81098
15863
1304
35114
9059
7774
62815
84927
20903
50325
82145
82213
34094
13997
82185
85667
74355
93601
26437
30339
68400
35306
75221
31178
35804
28582
57477
6288
22465
14023
81376
28315
48972
99483
47998
18152
50837
81013
29111
76047
12034
359
82443
31790
37189
61270
88832
71037
83159
53964
59206
24598
84469
10693
53447
44914
3092
76062
26628
85657
65641
93954
71392
78248
73572
57717
21151
63837
70750
72926
82285
51197
47746
24305
28551
36080
42702
93582
78484
55451
60136
71003
67046
82901
57074
73331
21993
64246
15340
78242
30555
51690
32624
25052
48060
34436
91845
61552
16754
16781
56133
44525
86373
80616
66206
29612
27356
3289
32990
34456
77232
15664
9257
19918
2540
23931
7461
52900
12372
1450
83013
6032
81641
77985
64484
39877
54593
71754
79372
29889
17751
94275
3503
20941
31788
46605
28556
11695
34073
64960
61972
40053
19217
34474
83801
71148
32126
61260
74239
68566
64283
30049
79644
10498
53241
4622
50755
23170
9992
60323
80801
56989
6847
38067
7613
92840
70614
12027
18493
42099
18908
47724
77370
19469
7203
37541
10100
32902
15687
33254
43658
96273
64077
8482
41851
65993
70745
71635
1538
34875
65761
7272
23409
8366
11836
65585
51705
12171
56325
66244
41155
24557
58591
75734
16812
96278
96182
60419
24928
78069
35722
41731
63896
9967
14690
52113
78798
12128
21100
85339
31819
79719
11488
53284
78630
88592
91047
15202
9645
46688
21975
24138
64641
55521
51189
57499
99526
33005
17985
38829
27115
80440
40140
91331
92903
26096
8234
42753
43612
40131
30653
11975
42165
8818
27580
31226
32037
21398
47758
2526
1810
4910
68769
34000
27234
51527
66214
90278
479
646
95866
51101
64733
93352
27803
56218
80639
83125
75386
9532
7891
56141
32729
60351
71022
92794
84629
38424
39602
62773
84061
63358
67465
4357
16930
11592
80175
47443
15843
66369
99353
12853
22498
45247
83215
45453
20301
72619
8188
75702
77499
86678
2375
3468
74281
17782
20329
31592
45853
39250
43476
74596
74212
406
20033
12843
69692
46633
19305
54346
61211
7158
27191
89114
17059
31822
57450
20555
89095
10235
69418
12261
26662
22462
90551
75645
72451
12361
40136
2652
33640
38753
44642
24160
11254
34002
21212
79534
57030
96101
79600
24352
28409
33539
96201
27584
35433
91575
65166
33267
79242
795
8904
83035
1834
12076
32482
92669
35096
86351
97907
33624
25912
26073
65441
57476
22166
38723
85583
55207
17685
46852
11258
41124
31594
89304
49658
25647
82993
28157
26597
24681
99132
48814
3003
62687
11495
22735
81076
63405
24183
62469
70599
86780
22699
27130
97392
46711
82767
97696
18810
83483
58618
71152
83435
68952
77113
15522
8364
89130
86594
47219
87006
91498
97398
79148
735
30424
58342
44886
65772
52656
41060
69054
60131
60633
7982
76610
55224
575
19742
95705
61057
28472
4757
41085
95643
49865
81404
72128
14491
40999
54845
43135
7632
75392
39785
64582
11743
39846
67517
44460
74493
83911
67464
81964
91097
47901
62149
65203
82683
47919
92592
19157
65609
79642
57385
92836
53357
13178
33362
9722
98711
65158
48691
53686
28281
33842
60867
76046
8597
90032
2681
4000
90741
93946
14534
10988
4962
99760
11497
69227
89501
98386
7917
88480
67704
96506
1194
6305
39797
27463
63868
98577
46105
5128
17329
10151
41590
29667
44200
52165
80758
59873
21533
2239
38285
7218
213
99989
88966
36861
14330
79673
13884
17603
49165
10761
16365
21098
91658
24816
38491
58729
39050
4382
41985
55784
34976
23389
69368
54881
68705
2814
52467
62918
9092
10508
11193
64858
40248
21944
42830
58098
12947
2467
15272
79235
38771
68290
4384
15586
55294
88912
35416
69086
39928
78445
57012
41418
28489
23924
77031
69732
79502
17351
55009
95701
55891
27558
78344
44704
44377
5428
55001
61160
5284
43581
88527
53620
24642
91890
33581
67189
16448
47817
74258
45221
91387
42966
27249
77191
25696
92787
47707
687
92675
31582
67347
64257
54988
74303
88582
94781
83971
52151
62958
77407
26766
97221
99286
15152
13618
94357
56219
76349
43486
8426
32420
28598
84095
58906
92878
7509
15593
61426
18988
62278
70394
13936
90829
8150
70941
78538
92648
89982
48261
26742
13334
1597
98342
72397
76001
48123
63455
42685
75449
10136
28870
53930
33845
41416
15109
49485
87608
51381
52312
88633
31417
72580
90455
61278
57672
70372
63341
20801
63123
17882
44522
83051
13245
96334
92442
79452
46016
40607
29202
97583
96526
73329
30958
36601
90197
38056
89316
60016
94693
14811
70350
15590
50388
23154
76580
51619
22227
537
92102
54226
44531
54584
91291
65952
27424
28620
92510
8772
66529
16751
22477
73486
87858
68578
46090
10102
24595
69033
37947
8207
66822
99029
40738
55636
67758
48872
27997
47525
68408
10117
20000
78713
74754
40347
53209
22814
15516
36422
89625
10700
54355
61453
8844
89596
55500
43826
75652
99538
44303
97946
60257
61754
39956
69653
69668
67082
49266
68221
73109
41190
37131
87850
26598
42782
44820
58657
72217
7969
70305
98352
50761
10684
96495
11635
46821
99413
55811
78462
63398
27349
21436
49040
21452
10821
52056
98838
28544
55807
47847
75380
91589
48330
28026
85124
15388
39153
15466
2338
43094
17677
29598
33877
93683
11732
18691
73071
23369
9390
20148
87177
4764
69844
35043
67636
4612
45019
45447
56412
66705
84073
95192
16313
91813
19641
21156
99259
51210
11483
21434
14058
64925
19373
52857
3761
26882
81179
48932
11995
97601
27195
41973
88553
36017
88622
72452
33477
89669
68796
49077
52311
3629
35514
44775
52041
93155
84139
74786
31345
60679
74603
58243
33700
21880
96035
6191
66494
65155
61299
26967
78512
54682
9306
20362
48521
36709
91451
28346
26623
87601
73468
91359
90078
94125
29800
37120
3254
65781
67683
28024
18400
62071
22512
99542
5291
92976
35211
87984
1560
19598
60605
34514
1490
134
9231
77669
30914
10306
77098
11174
7622
98162
50390
92802
27181
75296
41129
88556
71386
10362
74696
41524
88854
97589
2985
25234
94241
60078
95869
98218
14142
49473
29725
65623
66407
53870
15480
25364
31576
21664
32932
59422
70575
72386
99819
19901
56872
60964
88465
9191
4520
67819
14658
60651
84793
44437
1761
2403
34749
92664
73178
43155
13309
4814
37427
52474
42725
93207
2975
6818
52057
93898
50294
2932
32154
19464
80160
75572
75903
31871
92972
27501
13103
69891
10757
13643
61404
23855
40573
79755
42875
92938
52027
45786
4208
90871
1973
49800
3792
60231
21307
50891
8068
72324
29855
67372
2680
42995
87434
25832
35650
57196
49168
24409
52319
99639
33401
14369
15685
92593
17851
97863
63959
21059
20257
25655
97275
64450
11417
36440
37208
40502
8277
94339
63292
3113
7863
76943
67392
92441
91855
50549
5018
6948
83038
12627
27628
44244
47235
47172
60885
70717
13788
74981
14639
81434
83743
28350
83251
22504
88243
745
27656
58364
45455
63231
26661
99769
77016
79671
21876
77093
55830
1825
88071
54400
17585
42021
50668
99291
424
90340
3913
67970
64265
45995
35248
67321
63629
35103
19289
71888
6490
24481
16967
2172
2133
66764
77870
95407
63825
75443
95754
77190
77876
6971
95980
7274
2476
86547
91916
39649
55186
20860
74349
95243
51169
29550
30112
14487
91776
3233
43017
71643
2952
30877
19046
72854
50328
57161
69681
27340
26210
34935
58080
26141
92017
22806
5392
72336
30629
83155
43305
86918
22752
63190
26761
24807
99626
83419
42732
26545
38470
31381
14900
20725
67422
53367
79853
81346
47706
45753
42241
87816
3715
31542
72367
17259
49786
19383
23655
2365
17230
41550
7163
60124
95692
24930
17712
82225
83117
95758
2026
97633
27654
97726
56187
32322
36120
50694
4816
43870
15347
53294
17272
47206
60145
34828
64185
21967
54621
75445
35046
43387
50137
71613
84622
8032
26747
34097
16860
21039
67930
736
45519
58372
2879
56531
41622
67879
53068
94172
66629
53092
34528
1247
24292
4745
41464
13687
34371
8664
91680
40302
27884
92507
2214
20562
49343
44078
98241
69885
23456
55126
29381
91778
63428
12297
97551
73911
53900
75841
91150
22448
63278
28605
47773
87260
23719
92119
10218
57811
90764
31812
85169
22508
12325
42510
22123
66347
94720
49679
72429
31043
67572
85749
38399
82393
35009
64363
84913
69747
45153
72059
63528
9374
88165
50885
14436
28123
11423
50824
82592
55548
63606
60611
6131
36667
38315
89736
30998
90287
4645
99345
16056
649
93513
53295
63595
40183
15196
72551
90793
97557
5642
74433
61189
30474
39358
83361
36655
27744
81428
45812
68764
53636
38239
84160
6760
2233
98800
54036
29143
94160
55128
7767
30092
6908
17522
60481
4094
40031
8123
43834
94998
20277
75345
51157
32898
90297
10175
12758
63936
4091
86563
63251
53863
92492
42312
24326
69865
28038
1904
9816
68102
90228
84726
79711
95083
95058
14788
21182
48695
59469
10437
63796
52680
52554
36862
83345
27170
61471
91676
12107
98270
13267
32909
33433
56083
87814
88050
23871
76933
21579
65847
36024
32838
85923
3842
50593
64047
24281
2543
70840
87643
45859
47258
68537
76723
65549
46421
42092
49623
46731
93671
82221
96373
1739
84294
76353
21706
73727
72751
11387
64936
65492
39281
27258
66966
65147
18875
62410
7409
34333
24533
32216
25686
67859
5698
71809
91109
23618
37204
12478
53191
39187
50839
43538
38632
20539
34352
45775
29671
87196
73469
23010
38553
69154
12552
27834
17445
26152
40716
60233
84519
47605
61398
90533
19768
43520
47731
90200
36128
27923
32094
55406
94765
90734
99435
6768
35369
94732
46642
61748
51799
30860
11513
33395
6738
59170
20108
59188
48014
43134
26909
26962
74240
48775
63447
96919
31779
27934
79763
40171
26271
47815
98086
28803
12937
80778
48044
20396
2677
59391
70686
68439
94133
56555
82873
40210
70455
75761
33790
53669
72505
57483
33476
83836
94165
88317
15367
38644
58307
8962
15591
66864
50446
83004
60613
8435
72491
71400
19556
893
93414
39916
20704
52841
56790
26057
1667
23708
33734
74454
61676
52977
76378
95789
69255
28280
19788
49256
456
80128
58799
48513
23863
23964
64763
52018
34170
44859
90474
12040
82737
16114
12363
4895
98437
82690
38378
68289
30168
95894
85746
95513
1921
87401
73656
49181
10036
38589
41540
47864
98206
62312
91534
45202
74256
52575
47406
63246
28040
86694
28039
99241
71681
56129
18639
28668
2388
52394
38900
83616
61707
75105
41798
62701
33667
96960
89074
11852
7916
45296
76525
83917
41963
19338
68352
98394
20596
25413
26760
15893
34082
32239
42780
88096
29067
86837
47496
73507
44006
6888
459
62243
37645
82201
43187
74065
39274
74591
94252
39619
95162
16612
58415
32570
41873
23769
2016
37798
3866
71057
64812
20655
68821
8964
1315
94953
67249
81025
43835
79918
96296
29103
57689
10210
84338
29086
26329
34648
60319
54782
28957
32671
77342
69071
6568
71367
7513
21697
89188
81458
14373
47791
22379
78689
73944
93209
51649
49776
18503
99775
70639
97499
80721
8372
8363
77053
57664
31838
9948
57867
38162
72554
26424
84213
96217
86774
9476
90893
92805
67371
35904
42365
25432
42148
14716
81540
54350
28028
20166
33126
34733
96588
79444
29822
61659
28108
29871
96742
30236
67063
47638
87668
81024
32753
95770
4073
96761
43343
88022
51485
33952
87820
98032
10305
51434
72292
24915
30255
53917
16256
13018
4351
16530
5866
58585
21958
44091
94707
15521
55062
50106
26499
83666
23233
33664
4133
74870
2129
41348
30513
76020
19931
38392
80550
44327
18615
91640
92444
78832
43438
8180
88055
29761
51112
74007
76588
75685
66758
12926
44253
59835
44650
15926
23079
5763
49750
75893
38750
69217
221
64682
6711
13777
56521
71846
65857
35410
92973
86972
29405
71946
82200
44365
33962
84869
87804
88976
82792
57001
75994
1154
33879
10677
80508
25881
74314
98741
47511
24739
94894
21779
67681
2527
55087
54876
28335
36603
41403
42764
12849
83347
73260
20206
16
6499
93994
97248
75875
11446
7243
38928
40672
17486
95667
69824
78221
26460
78436
37280
44198
37628
22761
12697
53366
43948
2227
67999
84958
45712
76939
25378
55470
14626
60129
70897
88630
64057
7201
93572
82372
32423
88266
57426
24938
22365
28389
33938
29663
70121
33218
31285
95040
18870
71801
31029
20884
66151
16853
789
18686
93670
16375
68899
30543
70701
79393
60413
48559
35249
18956
67298
58914
62238
51968
58701
42185
56844
90256
36885
25106
39664
52155
22184
49430
27823
34956
17015
77560
57501
61636
18883
45667
98268
43301
50444
18947
40359
7421
79721
19312
24608
55278
59912
66603
64896
462
85282
84337
90184
28450
46510
15775
22697
39404
27263
99170
63810
3554
96548
38566
78126
17331
37098
20419
6205
38347
23605
99560
40910
45960
68487
47034
86449
95784
80109
58291
61817
30368
81818
23291
78553
51093
15665
19292
12376
45866
66928
85243
93192
3081
36255
47566
79679
91165
77629
51474
23290
75602
43400
91073
23480
61380
60575
64300
69777
63995
54351
87374
79662
49363
6681
85326
81766
86870
82262
40783
64448
15820
50751
81266
11339
22650
90173
62799
59487
24040
24627
59870
47066
67698
68655
23489
23586
89049
75744
10097
21762
89520
12738
80739
77043
40490
52150
51204
45856
40508
53476
99733
66386
3415
56308
27994
65458
28114
25746
54628
2588
56666
79869
88885
83774
40137
68297
11515
85248
35688
25656
52504
33448
12683
32933
10308
74987
51239
15993
26893
55455
99513
6966
23834
89140
74188
27374
2548
85984
9687
51727
89576
67138
36766
2616
70705
63127
81608
66309
31919
50227
68877
7869
20153
76705
68835
34269
62713
62955
35299
43037
84888
49556
89182
98578
88900
95953
27020
91628
59942
11476
11662
5815
94390
78327
15835
57327
60360
34087
41433
49784
58349
66474
36484
6791
42897
87444
32917
79722
71312
45958
15884
8414
66916
71666
91895
71818
4544
5493
23983
35965
59365
47349
84140
85097
25270
90896
54986
75390
92391
31209
41779
70175
95998
37115
20073
9865
99022
17817
9669
66419
51825
19262
24190
27089
19739
13501
89335
19871
13758
54779
12239
57643
63252
70210
63734
29211
55783
2297
29027
55214
68344
53422
55183
70898
59986
22660
51256
29848
95817
55129
90735
62583
4358
32261
67847
46092
37306
55969
58413
10944
98000
91237
40912
94100
61841
1500
47193
25273
57308
12052
14227
52448
48925
59490
50023
57920
36510
11156
93387
71316
84097
55000
54614
91933
54756
60085
8293
35466
51367
10723
24349
53248
62871
24347
16219
46022
82582
5839
87300
34880
63275
31489
82687
16121
3552
83374
26228
48866
93065
37506
32238
78526
2374
48083
70566
4909
18598
66665
11542
18724
77151
26647
43840
67018
7484
27635
30966
54259
26643
70545
52583
60130
70109
97941
72232
88531
7440
80529
57326
46712
77754
55949
28589
41536
74656
73804
14954
83378
30149
78823
99398
95781
26729
80590
41110
36901
88588
34111
40934
38421
47383
61320
93653
90495
32107
7284
45938
23415
90385
38288
29911
75320
80728
22068
5567
51927
74840
913
91268
66143
51294
24195
86140
87423
59478
57027
11783
31708
20647
77591
76368
95300
29422
30413
42903
42827
31277
26934
79296
46167
66229
41480
4992
31347
24752
60667
24984
83997
85940
12008
10606
83542
47803
48907
47306
54506
82570
51408
59784
67653
45271
60169
24534
40656
30659
72193
89602
70220
24798
91537
6640
22935
5180
68027
89539
95371
83339
29768
97243
40181
64055
75500
40901
4010
84324
787
73752
90718
2427
4752
12277
67192
8349
67676
21964
49061
56756
55935
65265
24510
17479
6481
73232
21180
40376
92126
5185
2735
90424
86025
18310
93934
53886
22176
24966
79197
90877
60374
66182
84810
18597
95893
90269
91333
68091
21661
66719
6953
54985
86684
53530
58125
13835
15911
90921
33520
85325
9129
76745
11321
75655
15369
78030
63220
46353
39435
43206
31459
10995
78072
16141
24842
90203
60500
95115
89660
56903
5833
39239
69897
30420
25174
34915
90365
79461
64389
34642
57666
69899
52050
57546
52036
87866
73379
46553
81725
98028
31918
46412
13680
47829
89935
76171
85040
89025
29006
52940
13384
12863
45491
10528
84017
47144
1333
99740
21196
2493
78090
75650
13459
94473
83250
21499
69395
33178
42441
88680
90321
30596
76002
11123
84858
19841
36699
50590
67081
27114
33898
63005
62157
84201
38340
73923
59055
30264
35956
75028
75866
84412
16568
38375
86817
20727
95213
64039
79187
34113
20254
93017
79398
66431
43057
98351
19379
38230
4032
48214
643
40712
46897
16391
51438
26143
55613
96127
11370
21725
66782
95050
74056
91944
40207
70508
84606
50431
62437
98374
46910
276
38075
82628
15182
76863
65019
62174
54766
79698
29139
20909
13783
66560
51284
66141
71512
49337
88569
1172
13650
58988
42147
69995
85520
86965
79950
31509
90804
15579
71225
66994
9049
89948
65268
4328
63646
43141
42596
76155
82047
99031
49060
55996
75851
68432
32951
42538
93667
51530
93082
60656
52792
21948
16892
38207
39132
64176
82380
51150
76550
27746
10679
85449
98555
72558
72168
91786
29857
64681
42253
54210
97323
19188
77531
52595
40406
81305
93900
13252
79257
81026
49774
14511
98238
68126
7269
70516
17516
79506
78663
13992
30980
19407
93786
3232
7534
41457
47104
2973
48200
44673
92432
43906
6507
73322
67445
8731
43355
19400
79078
24923
43684
28992
31834
66956
51290
71078
56352
83456
13655
95940
36105
52987
56041
54918
73642
8434
11055
77795
37010
28801
51448
79191
48965
18512
8629
41577
74758
67724
6034
75174
62941
45140
86292
76268
32182
44419
60160
65021
59095
61596
86218
47828
38577
47668
29594
13301
53017
96966
11005
67840
12183
22370
93680
90075
38941
98171
45610
59161
51661
55090
26796
93711
22217
64074
16938
8469
88751
63958
82692
31666
71627
71703
50511
76132
28666
37759
44812
60038
20370
4063
39390
98731
56329
84744
8081
94542
16787
74983
42388
77922
37339
61458
76604
66692
18384
90964
46546
9900
2678
8274
75408
21551
44768
63843
60992
84329
55102
96110
43216
26740
97628
3918
86695
16506
60017
78451
29810
94360
97631
52507
8533
25347
5415
20738
48378
87802
4955
15898
78969
17493
43227
39606
30733
79871
1931
38967
35294
23770
66405
79170
44242
80575
7930
61021
37516
79633
93990
79238
75687
91945
33917
20135
4054
90279
43249
60348
80300
59226
58928
41138
61656
2410
8376
62153
122
13153
43194
35128
48980
65537
32285
66241
13403
73484
30453
92207
11049
46030
22027
98782
27157
88692
71155
53987
43325
23201
37472
56240
59911
64973
16122
10659
79219
20267
27682
42639
98265
98660
37349
21252
49964
23041
68780
47491
9894
60942
21976
77083
48688
95321
96096
40326
56661
11883
96361
45275
12987
9633
52630
62225
71772
93901
33876
45790
71544
67906
23515
45817
64875
40902
3177
23207
87502
75343
74421
92923
71289
77809
41128
5615
27738
40555
21000
76227
45782
7014
20737
96608
76066
18099
72186
33869
90934
54272
19161
72501
95340
8048
48056
77490
60796
28353
82928
82551
58385
28711
15416
89655
2323
68582
22189
63600
53650
45313
31655
68162
66643
74630
8540
2198
28713
8526
66237
20958
32031
27134
84054
31227
47160
10114
98197
37260
97037
29991
43492
53362
88433
29153
86586
28987
52170
55153
1901
72275
55608
56031
54143
23082
41427
97845
79717
69199
64126
90469
55979
37431
63804
12436
66900
90115
34898
46756
35920
8322
72710
17138
78916
27949
11739
65538
57197
50180
5228
89302
35047
26801
7439
96145
92163
82950
79062
84644
56074
35237
56760
93167
76189
89027
68903
63948
76233
15831
45173
52296
56350
99037
29380
10212
57623
79538
67509
28336
47244
32908
69366
23454
65101
52826
91191
51067
96693
99762
33626
63491
80510
55650
69246
82923
84533
60649
54749
4179
97349
82208
5319
47274
13064
20165
28655
71567
66023
37937
9976
96937
37093
78053
53713
10296
16666
34230
68356
81768
40988
40759
4848
25376
41650
32903
6214
90387
25824
29771
91825
18355
90484
98790
88459
59218
35673
69625
89403
41587
22257
56513
54156
91222
54020
59285
3098
21785
98505
28906
67485
43613
68673
8588
22476
49555
59323
25900
44893
44924
14617
92315
69105
67563
49106
80102
23120
8049
31627
31593
13929
51382
87016
5044
1399
77711
7879
53442
70080
39426
6983
11465
48182
69030
534
62077
2193
55552
31408
95986
56701
58771
72213
73180
18756
47117
39270
2798
85319
66522
32422
78365
31502
79101
86315
38984
6431
39034
91009
1034
95818
4335
92807
83441
27407
61020
72033
1411
50179
71607
2567
36867
13628
72998
43105
31100
88471
26299
33214
48531
72210
98467
66989
15977
30119
21507
42982
95938
79318
40177
78509
41021
41140
24770
54848
36314
40825
325
17988
2114
23380
63484
60863
73755
5848
69344
90994
12766
99669
61035
88661
82254
52679
38046
73682
47446
64344
57996
34359
8228
35078
3731
13442
31532
17550
9347
73064
28407
83103
35422
54434
29874
33965
28137
92124
82917
63085
76765
4014
12344
57436
6076
39185
8250
36873
2872
84332
82801
22668
61994
21936
29270
47392
74133
29229
9440
78359
14073
66621
32318
13471
1184
88716
23139
9623
33494
54814
35139
55953
19485
13174
28950
67925
11865
23878
98565
39180
87413
85893
24459
88329
62353
86709
61115
67836
28743
26663
64603
31241
94109
70917
3713
22192
68405
27986
57278
91231
38193
7779
38189
34787
31015
87054
68382
32851
15213
90086
72490
97146
58320
138
81072
46263
21056
49299
47596
70415
76026
6846
13509
5474
673
62762
25187
35703
79877
26521
21930
33563
47693
55580
57669
10984
12479
29010
95457
45334
21009
65588
14914
82190
12637
27866
61341
24723
99186
83231
70404
54281
93343
2298
17900
76709
28642
92265
11389
75009
37884
25896
20411
14654
19042
85634
73666
51092
21108
78714
86113
16336
36593
99888
2889
56150
1100
72251
99992
63409
82775
47259
70448
83520
62048
12860
36305
7574
96290
66225
51643
13484
51328
68467
19585
42539
87433
95819
96678
23335
75565
66818
22641
21401
77574
72834
1015
69158
32276
28995
89446
77775
51986
47846
77721
71944
78947
17365
22222
19044
58951
75064
39520
54077
23853
66845
55109
1266
28869
47159
85029
1168
39412
12829
84572
38468
61462
18776
26820
37956
54877
84235
87191
88648
16142
62401
81177
13117
31103
13624
86167
45062
35759
94167
27670
81253
25360
14735
28437
71207
95984
9648
15176
63586
11747
49459
58563
46877
64094
65318
13833
87939
18896
63903
17755
7370
72027
66118
33598
96686
14928
77582
51813
15795
51712
31096
72256
83356
56279
38955
69807
1166
18257
49766
76416
73713
94809
64175
16160
83940
11374
80644
58647
95391
81152
36925
15471
87684
49845
78738
1993
26269
12111
79806
26873
69273
35709
76458
7466
27276
41719
83678
59890
35144
32346
8157
85707
18927
30071
62061
85573
74505
74909
19776
56499
48747
71865
13091
64671
69587
11618
7499
94340
5200
12676
68916
18086
9217
33027
67360
4383
87100
89968
43544
25054
48248
2368
49619
22026
66875
16975
70781
69253
21342
33641
14682
97112
96211
73416
57912
82480
65362
2610
22356
70732
22689
10383
32243
36239
49613
68722
6810
84641
16726
22955
55946
38982
51280
374
62787
42184
14150
34150
40541
88390
38919
69259
33859
95688
82866
57532
53982
4582
81385
34972
99142
46804
97716
10393
40572
13068
56317
29234
70454
46922
79511
97904
88098
14815
74798
30184
32472
19467
66913
50962
98558
68807
10811
86490
86850
45097
82090
93648
53578
75256
54934
52553
36011
4514
84156
26590
27590
16353
55120
91765
87496
85607
33555
51698
78065
23596
5784
67947
96569
72768
25671
46203
18293
25284
87996
5225
95811
86675
20109
70598
13710
34911
43532
80366
91562
13932
98579
40531
58178
50907
34294
27236
35639
29813
5024
49801
87708
66086
36504
16971
70637
61628
82818
92284
95844
14486
70258
65546
51299
43675
15077
77321
43522
193
28631
87236
33306
49733
12401
49479
94783
63889
4170
34236
42145
65073
16662
20140
99569
69338
85532
81380
80325
70945
21906
75667
23327
47204
46959
14143
79860
60519
64637
34025
92617
8562
26
44314
94483
92772
57425
73163
79923
51312
17876
67486
20149
94091
40950
83136
19799
92778
21905
74197
75615
22988
35542
43069
93802
61986
85368
4394
53414
81835
36786
37442
31689
13409
81686
66135
13164
32262
80941
42736
61717
90102
84775
19155
38864
25382
25157
73769
59018
41337
60061
94430
58502
38251
56400
5755
94489
84135
46079
19095
4242
53297
1933
85205
64157
38527
82029
50234
43286
84012
69247
224
70492
44161
14627
16657
80622
94276
75418
92236
20318
51475
38540
60620
31762
46603
61129
77910
30479
62860
17971
24026
97684
61155
35181
58184
99651
18843
91346
46930
45232
64525
95005
19152
70253
68864
87913
52
54305
41705
56178
32342
57077
72917
1972
60028
19060
62591
78929
5359
37101
69110
78133
71301
69083
19443
19266
19769
61753
34423
4400
89877
86524
29508
92531
19481
21527
62302
11821
23035
79217
56023
32302
32965
33925
39758
11593
48163
28241
46562
77655
85321
13055
19884
493
42232
1358
10628
54636
19191
1416
64746
45511
17043
32378
54989
40322
55154
70896
84784
94462
6833
25649
86787
35280
8902
1339
990
79708
23989
11210
92780
70756
99110
87737
28965
22791
49877
90662
6740
90724
89283
6455
17147
22354
64110
31760
96754
21351
11908
7828
75012
27053
88964
51341
58064
33715
58611
24605
93009
13965
60714
90786
33956
11603
59953
80899
72630
65339
12791
25552
11035
39392
18166
18609
24422
2692
18877
87451
13362
68978
15527
68683
11999
89394
95390
60358
20864
47123
98172
27067
10193
35118
84243
77012
14469
26529
59142
84634
54428
21073
1035
92092
32724
83908
19638
16857
91443
865
11932
6497
18684
57930
61423
86403
20583
7680
96120
62663
65635
35730
50827
72530
63094
90849
62917
71211
60913
85944
33636
79236
58699
83862
66573
70803
90814
6117
11525
56726
50731
57700
46961
57608
88164
2291
65552
49805
57132
72278
89307
23815
49463
57412
24134
36808
16323
35039
4687
41718
88996
61622
81710
12797
95627
38146
80239
73789
16182
6725
27096
12041
24382
77065
37225
51543
71143
14594
7731
4803
22781
39278
14275
72571
3061
28529
22471
99988
60659
12805
46047
74747
6516
78258
89817
2269
84824
54793
74895
17162
75941
4377
17009
50586
31124
91096
76979
68814
9529
86396
49832
60550
52092
24403
39623
12576
52863
20836
2428
39167
75332
88787
27447
28644
63203
73624
49108
86899
68136
63487
35095
67439
27277
92815
39817
80541
76909
29742
49989
82218
50830
88229
87469
31290
99732
71826
14660
59721
96093
12263
25114
78719
27320
45439
67861
13420
15949
79591
11227
56982
37
96478
85972
28277
13570
85038
28522
38030
60099
3575
57478
8451
37852
98159
23235
91849
58634
15879
87985
27406
7351
60244
47504
39940
10072
90910
32200
39557
97196
28033
34510
79400
42170
94922
31868
34041
42367
72522
71563
58084
99349
48242
57420
39053
22450
59331
53420
80086
56798
1116
60543
43931
49885
98299
46831
54373
54568
91840
73825
48069
9963
98631
80328
32050
35269
76775
35644
53388
796
36826
76108
36943
27016
78424
26991
39713
70040
95988
67510
23530
95168
48224
76793
28679
93586
7560
49352
96262
2423
16565
60921
4009
7529
84464
65712
48766
14734
75019
12457
98940
28954
68997
86141
33931
89890
17816
59788
77432
77988
2532
23388
80776
33813
21209
98380
21083
1142
77293
53176
10638
62465
90292
62042
36384
23973
25089
14724
38522
51951
62891
26968
41006
63610
32995
72973
61114
65787
87787
56819
50460
45012
98571
67017
63263
59048
75280
24449
6036
29534
11801
3817
53550
52681
11121
93692
2624
70388
22964
67300
50499
54275
8214
20294
67191
44250
83175
88178
63826
37182
27769
55023
94986
65315
27828
87109
17155
96735
52948
29807
31512
5349
96836
31867
40254
45348
48788
24280
56049
8636
24911
43619
66740
95195
92059
11166
70504
12788
26010
18712
43049
34398
44297
5380
71920
30567
85455
17333
23282
29845
37236
58019
51795
29474
69941
89907
16901
72434
28532
15966
32734
62124
68701
63849
86919
70377
32324
27399
7361
78812
25805
72513
97470
39042
5198
1288
39157
2137
92527
18510
4098
30606
50986
498
43274
3144
91238
45253
3136
20092
33811
18399
15669
34559
85932
19668
96700
92813
6249
98848
73351
12641
89588
87575
57558
98080
12510
2688
10760
96037
74470
27987
14403
31964
96731
64727
36683
42625
67345
8167
35980
96485
41136
91373
28606
731
14235
31556
16483
48706
80514
68621
64569
9915
53469
43916
28953
52970
14280
75632
8713
70588
4602
20417
46628
99054
85597
31387
91847
53212
93274
51929
2334
55717
60840
8171
72534
49518
98122
1880
19322
67314
87454
31896
63285
58529
29296
70355
63227
90310
29970
75202
38073
94927
13904
63352
80276
71123
73798
46754
29477
98986
32149
73489
14348
71855
30960
43717
27062
72756
37362
82593
55667
34152
26310
492
35592
19588
28936
32445
45373
13698
55558
22901
40351
74194
82813
26718
40295
1855
33983
38
25170
8199
11807
87000
55885
72607
48309
96018
2254
84717
50610
85465
80350
47214
28301
87033
49957
22692
14525
88602
71841
63120
67100
43399
46288
33723
7390
10921
20414
76994
48720
4425
29811
57352
17600
93867
37384
41906
909
66962
89744
35501
69264
93759
70143
48678
5395
66804
21489
18718
54695
72271
31646
56515
79056
37326
31770
88341
83459
42893
39778
83740
65323
7624
35384
56158
70185
30129
5881
86978
66955
91123
26457
11065
9725
82207
75639
33887
58322
87200
78360
82056
18178
16736
53067
68760
61058
69380
4552
51114
81982
44738
66287
97655
88731
78968
35522
42236
47611
65802
30477
25115
72991
64455
90331
20174
42754
83592
17327
42757
13923
18180
46810
80613
39075
34470
31134
97414
37792
98407
77492
16956
7814
52953
94039
55630
76906
3954
53379
71711
61804
2048
67405
85049
36476
16117
44239
82932
88528
71389
37006
11447
34532
10390
32286
28521
15988
56735
4533
90313
13607
47316
56848
51442
58667
83928
1321
858
41889
13500
11590
97418
68358
51025
93044
96414
47799
1027
47036
28717
75479
20160
43483
29613
3625
73772
34257
60782
33133
15211
86282
14951
80201
6766
86051
19805
6456
965
10663
29328
1833
89486
87393
84657
1997
5487
31364
8623
69168
63783
89978
64951
88021
62264
42721
27221
91464
22673
65960
38464
4603
1897
84938
64383
34735
81826
40523
15238
40847
60354
70498
89489
24251
26162
46284
1582
40071
35635
96843
15648
51645
19445
41121
30002
84659
67
75874
64981
54173
36991
14699
15443
47001
38334
27264
94952
84141
91219
67122
50808
9214
50012
30672
26343
76642
60799
82196
63
99314
32592
641
3592
92839
22848
47417
85165
76815
989
58584
34824
65426
35236
51275
69618
33357
33596
88951
5478
17330
78803
19542
37318
42301
52895
24381
87306
47262
41643
91177
83614
24365
62821
66855
96105
32934
29864
56684
74304
69856
83305
37464
61625
75122
68900
90436
42906
22174
65480
5986
41638
33428
26996
86997
10624
36960
67700
65330
24485
37223
88137
86723
27867
87681
27073
84120
41716
7303
3007
19327
93043
7043
48016
48482
8781
25184
75827
3759
33998
93230
26110
47885
17814
17060
77431
31132
98861
14802
92982
10369
31981
77595
79792
5660
62890
24837
52023
80167
60712
78149
73339
21754
31836
54401
21750
36750
88863
93961
92307
9824
6027
55595
46453
81166
50584
75147
49208
46637
61809
60577
48406
85034
73111
82295
6749
89105
74183
89082
58933
99015
38804
19672
65678
67175
94580
62528
14381
73421
63781
91899
26250
85239
87474
84733
35941
10192
22156
58818
4537
16195
60730
18313
68540
82472
50259
20603
41592
45256
95666
20265
7086
13009
85463
25588
34180
14437
55189
24081
84702
53019
31977
99785
85350
39819
40470
41915
99264
2598
53916
60855
29316
95506
19740
89627
44402
46058
72304
11964
39791
91429
16314
95634
56280
17261
50825
63537
78373
9467
70433
34784
18989
3154
70806
24730
91290
18091
13763
51634
6025
96484
37179
17798
49291
7404
15329
85060
96962
12876
96115
14303
21813
54523
4085
64678
22675
13405
55025
44591
31877
59357
6786
18992
62921
78870
25766
23733
24559
63394
6879
96291
54040
37352
93013
69938
62433
72244
15070
14218
65107
90865
44301
77783
83197
91678
65312
34918
25521
35061
33368
17317
34947
18631
18943
34855
42872
39063
2224
18677
95750
49758
61175
18171
32287
70451
56354
5222
3635
23358
1840
33807
8691
20581
59654
66312
49466
79469
18009
77247
10953
75931
65701
96411
33779
71399
59432
77553
2905
26491
73229
7319
23063
61662
85174
64946
9884
6615
47439
92097
47140
22474
37912
64756
98019
36541
79688
46262
69308
46461
19230
91401
68311
7072
57782
91956
67145
60968
57995
83357
98476
60686
24839
50635
948
88290
64775
50101
85031
54622
72685
19447
84268
82408
79359
19068
29140
73899
48727
39359
26220
62151
20938
93019
85820
48006
40852
92933
10842
5672
18860
15081
82337
99780
11797
14555
42900
4189
77024
88367
92638
67769
97301
75660
60960
51505
71398
86495
82118
99092
80027
87515
89395
88843
97625
97090
38104
87842
98981
69042
22615
27056
5579
96702
11009
53010
36260
2909
54689
70741
73147
97815
88446
20373
94918
91516
10695
53679
16777
42305
79975
62562
59836
90317
7148
32870
52808
39888
69556
84584
14953
5873
94235
60764
51243
80937
40787
97968
72179
25391
84599
49961
5513
65381
9612
87758
80908
38848
60132
34696
10403
56583
57496
32169
26267
73839
71063
70243
94009
68404
97399
16165
30328
59647
73928
39936
56927
64930
95876
11727
35454
10057
11604
59385
91739
5434
7548
20902
53968
8534
84963
69911
18719
52136
58815
87800
43184
74869
85289
76431
30147
917
42664
94990
21628
60805
77169
30042
69539
89780
22693
43911
8225
19285
89749
4734
57066
48082
61250
92897
35295
53621
70659
36871
28557
27976
44803
36033
21838
36247
60260
44866
28661
88659
19956
83582
52153
54206
78433
25477
22934
29332
24779
43703
29402
92190
9187
82358
71684
26805
81153
8656
82453
82788
40562
12718
37984
57711
34158
30217
17540
82253
95577
40730
28091
67924
65055
44429
97535
88915
35509
14496
51684
85818
79841
23293
24142
62893
40935
74318
97598
20451
61059
12764
82398
74207
40424
57310
77280
29816
72218
68476
39715
1671
73053
26998
69741
95200
71989
73383
86035
2340
41568
9922
16768
57552
294
72771
80930
78419
49905
1564
14095
79798
52209
39553
2446
36001
98636
30068
64220
49083
24813
73134
48350
5603
55076
68272
75578
44049
59884
82662
25398
94158
60333
46543
67958
26385
62132
56301
32763
15752
35368
67336
1314
56813
44003
9714
98487
48853
72670
78842
49219
57176
46238
53240
99126
23893
42707
18560
76051
23122
8256
20803
60425
49605
35996
27567
27736
35707
19392
64947
64617
5088
44585
21536
71188
40796
71934
19514
29201
6212
62931
35829
7031
23976
70474
5939
89201
29446
11963
21912
63240
92556
32958
95176
14273
72826
94603
83532
57195
2524
2637
12642
96664
37081
57818
72479
84992
99090
92019
30920
89955
89487
5636
46765
67713
33521
75658
66838
61128
10046
29015
52859
9098
73476
40407
54037
44934
72415
82159
50501
9878
8611
46086
28358
48337
31333
15275
17612
19205
4136
23603
70905
14514
29147
52045
40016
70218
34970
39333
6461
46272
14579
49839
32809
64517
63907
61019
34031
9196
99825
72720
17027
51379
12207
37916
19418
10862
15022
37036
73526
52881
21691
93436
15186
56963
31864
49456
74101
64001
76475
6533
91053
9085
45704
72351
37164
41366
87249
24187
2565
61479
70532
66765
93092
80100
28196
5186
33123
33605
67642
25213
7078
80704
50626
55434
20639
71330
36929
64451
68513
6546
41132
24885
70507
20848
60886
94481
59458
83423
66048
71816
30030
68758
3882
56676
8439
73800
74561
8025
18478
31264
86331
43132
1292
17519
33927
95806
73304
46053
88837
62723
8608
28665
63777
40464
80402
81931
98540
37300
5876
23430
35049
42907
41995
87987
74663
20541
32164
35556
42297
93727
62599
97213
30114
65905
86640
17120
59211
43653
13951
41616
33444
47137
84172
47843
16676
25002
62051
52769
37197
67656
65233
78647
41842
4277
86367
38171
5440
66568
56926
32128
18731
94639
20269
47571
14737
53515
64700
2974
95331
58475
25214
88797
79295
44633
68590
90400
16143
65281
93843
14453
30554
16417
27973
15456
43140
77030
36269
40669
73970
16177
55210
72576
55750
74843
99378
51592
45092
76204
76900
69573
13724
63779
58677
98548
66286
91600
50630
51526
78933
6298
92718
54821
6978
8603
8026
11576
25793
90680
25617
9805
60125
64967
68989
60828
35911
99665
41158
67469
70124
26773
45845
19249
88447
37129
51807
85991
98647
44681
37685
15779
22294
60388
9293
36494
27410
63163
17248
73813
19963
39525
15085
91125
25303
60470
3965
91673
27159
76330
22207
22385
77886
40688
58646
76841
14363
85702
1930
91547
46735
43829
75607
24998
28474
18254
81536
10248
46761
98627
22472
44007
41193
29492
49930
24427
85798
19730
26583
16861
51725
35116
92339
83297
96710
801
24833
86326
84707
87622
58557
18649
46457
34266
38534
5847
74740
80065
1536
40149
61516
30423
17528
55174
73001
71068
34051
71052
68648
3328
46084
53725
95179
41771
59461
15177
2805
84789
87630
59263
22036
29651
50542
78928
73658
87934
89521
59294
11064
84757
26238
63331
83240
52503
28304
47296
59635
75493
91448
3072
51186
65431
58343
73337
49160
22410
31574
44767
35580
82311
66857
30207
85521
93245
88590
19518
125
81572
97123
49309
61327
20217
48944
37259
25456
32642
61523
19029
15708
20618
7316
33155
1703
3692
43782
26649
15142
29137
9315
63547
52471
45714
24236
34501
82273
70373
62946
25256
10034
45897
24863
33430
51943
77258
92740
44473
26721
92063
53311
44407
68051
17001
9259
35676
40898
39428
98107
56846
2504
16306
37218
63179
80286
53395
24900
26472
84966
58601
32788
58323
13281
69290
76467
95925
17023
67201
19577
65261
40077
37220
77881
76554
97935
76347
52262
49390
31086
43813
85266
85477
65828
63522
79961
95832
21658
73906
63914
89436
75001
23747
33041
39135
17969
50727
14604
160
53013
37313
49440
55431
14641
37194
42958
68285
3393
52094
56205
38568
66731
96869
96507
20952
14890
72328
18807
60502
66076
23678
15538
36034
65202
50051
31892
80026
5909
71134
86884
44492
33217
93416
31064
14266
14581
76772
20922
41678
40601
81003
48379
41752
75538
56066
49433
82057
17402
47013
36651
15151
68330
3767
42217
49981
62109
4480
91263
31135
11285
62593
50331
34040
36897
66661
66538
6585
75164
96209
65740
83574
16495
66492
97416
44038
36944
39303
71845
52860
85654
59120
29586
88388
49033
49526
64463
71700
63691
39921
2001
87788
78619
41204
46193
82012
87763
45259
91405
53416
71877
39755
50659
66365
98911
20996
36197
94371
8404
14859
64117
34631
37231
4902
22445
40318
5366
13062
25023
8511
88712
70324
55562
34686
85393
69010
36787
49428
53202
37930
96406
50247
74236
30414
48627
86030
71074
10065
2744
35226
85832
57277
71656
24186
53850
62595
24987
50064
27019
89633
77478
86415
2643
38403
19179
72335
83523
28294
79118
62405
87592
90579
1540
33961
13796
65744
31080
16094
82019
79218
73672
26648
16112
56143
53211
80660
14845
79847
92994
2470
68202
71242
11539
52905
95659
68669
12827
21632
15452
1091
68932
18537
15198
73662
57350
46596
76133
27624
57738
57177
78985
67688
93287
85738
45466
82851
29711
25068
81281
64461
45943
51332
73537
35187
8224
35979
92662
40236
3480
16628
76551
29486
937
71746
63396
20010
28980
98756
26442
44920
58558
76926
45451
56578
75349
58050
370
76317
63723
95514
25490
65730
82648
28862
46722
60144
99043
62435
1417
71620
99810
39780
11050
89991
10812
36600
16590
61347
42110
13448
40201
9758
11855
41671
57155
23921
90227
61770
73301
90476
84407
51666
41949
75116
80376
38921
16536
83432
26039
79770
69652
54410
71663
76293
37994
10837
92989
1362
38648
721
54784
34863
47290
65309
48288
18282
89207
15041
74319
43457
92763
12793
50698
82749
87712
21324
53540
87161
7407
96808
72393
83379
32605
63295
39093
53096
71686
75152
84814
85695
18829
13230
4492
15080
47
31148
71306
35415
56050
32855
50649
7320
39112
38186
89723
69401
90670
73990
70949
45147
90777
74645
18689
52375
58984
74220
79315
91831
37026
87656
70924
50127
86636
57144
92751
86599
13742
46141
13172
14523
8237
91630
29873
72136
89485
34971
15055
36318
36711
6326
84595
91035
62127
90567
75532
22208
72778
10464
19971
24924
42734
74296
78890
80285
84385
84009
63727
80226
35310
62673
536
67375
45464
43570
52847
43790
83830
12163
18193
76912
33360
99543
76548
64530
68078
81884
37559
38292
18652
24666
32444
96015
6411
33139
69145
59464
27672
79272
86178
79720
91906
30013
43401
51123
364
95041
31044
71721
37433
61896
21620
23177
56746
26664
40349
95237
67986
59800
5713
6544
76152
84870
72323
18133
53270
65191
55156
31749
68028
70796
70807
93824
52442
30044
25188
58960
32939
99676
7422
90444
39527
4336
76052
76441
85927
82470
21371
67571
23598
85303
28998
2841
28874
96449
95422
21284
14927
25309
90142
7584
73043
6842
12725
70718
88714
10989
64587
19323
32919
51483
24855
58540
79800
34663
44829
58621
59520
53041
79723
63383
10827
36067
7577
1748
57845
68850
63059
34032
12256
16596
12620
72835
68088
56345
72797
74124
86714
48172
76251
40641
51274
87556
15847
25830
58620
59352
16886
64859
18012
85685
57877
51127
64515
828
62496
82550
83410
71308
42373
96744
25876
4229
18659
74837
45969
38294
40340
43336
36955
55571
77506
29421
24046
57585
50520
19208
45518
5136
62952
84843
25250
69289
69540
72022
83009
76016
5733
80534
59523
94963
4180
42279
9198
74295
58921
11688
60973
41600
4086
18204
58074
11605
44374
66806
63972
19599
28416
94068
23024
56535
5249
264
50496
76996
9751
39234
91731
21131
91986
16955
18486
41745
98784
98223
60294
59176
89277
44012
50757
43157
3771
42045
87267
58235
68217
94286
6704
22363
93756
37601
27944
51309
94601
56253
81917
73152
23390
49908
13736
68524
48319
78156
66574
70594
19056
73345
87830
46343
25030
13709
47108
52694
83519
1002
82202
7733
57504
6043
54378
12963
25742
37934
82044
18658
84651
80793
11414
94921
51363
10314
68721
52163
55051
63053
27700
86302
24562
7138
39971
81413
53694
27623
58452
67239
39395
6680
80507
89311
70923
37638
6142
2023
46174
36751
89196
69215
84163
89447
24862
5566
96987
85334
32562
50888
80892
35222
6678
21604
35740
22454
94981
11658
29152
12285
23034
60744
97708
50307
80527
40728
85253
82580
26377
74205
81115
7025
26471
59121
72546
46476
72550
92280
11902
98601
20955
51137
42390
95067
86716
20213
26654
26665
13847
72241
61554
39781
54371
42473
20828
60395
9919
23600
36518
63082
21106
78679
11771
86362
23578
32572
72205
18664
1185
56300
1773
88352
22263
93105
83496
50847
1663
29076
50077
58645
28943
51844
41710
99207
27710
21484
77339
36582
48144
31356
83565
50920
63848
83872
47844
89506
32058
84658
46790
55277
84628
96080
63009
25636
97852
80580
79457
84575
69514
5935
36765
92620
72568
5338
29400
13873
88363
88269
36545
90548
80427
99955
71756
23558
83976
43552
91699
36637
46996
17757
80282
10765
49421
94472
93567
65290
16436
67793
58971
32410
98015
7799
88339
81082
46506
4130
2903
19241
11360
8975
37287
50222
94027
47437
45457
51594
36485
54743
32264
18794
63164
79049
50089
74938
28778
92703
66283
32091
18531
73174
51796
9095
58509
84743
72967
56711
55295
23043
70790
46240
29625
99680
82945
81778
59174
17350
4864
85299
85305
21446
67709
11630
81545
70861
35614
54301
88500
82008
50068
60654
74275
31841
48110
70083
90043
1268
61565
10353
46778
27571
24576
37588
8370
24504
57861
53230
95772
48285
38575
43785
31184
55805
94097
70204
53876
78525
62252
45563
65005
15159
67734
86576
16438
11114
11274
57901
92831
2148
77249
95592
78268
51242
64779
6576
2369
76114
11941
65201
28854
8480
77085
80820
50094
37788
21859
89233
40175
38102
61354
8662
74083
3250
32439
33512
87721
18112
48654
30472
16981
21922
67266
21004
40927
20258
38727
78009
76907
15854
56554
39659
40509
33854
39101
37409
99443
86355
55399
82608
77333
25961
91540
57655
46330
53110
31970
74202
75962
93497
85331
51788
84736
52389
95452
29843
43921
84395
66623
96953
54222
6226
43166
36953
88608
35997
59832
78340
62613
65864
44789
30463
84826
95589
50183
49084
62398
5224
62090
84197
94099
82838
12251
49603
62864
31481
20974
80783
68178
24932
8179
14475
78244
43791
99952
54042
98114
15647
60486
70746
32059
34999
98252
74608
49142
88701
86727
94812
39202
2290
9180
50450
93782
29279
1138
45641
81102
54948
42310
26222
49030
21435
64114
94738
45033
55510
50819
17536
87663
19340
43296
94623
14323
8849
3344
11147
71494
55965
71238
48460
18230
60241
64570
27851
27798
62748
98290
62034
63201
54908
52706
69115
51254
49925
8716
39317
87667
77034
43915
26568
91826
17185
48961
36859
60761
60888
83000
16321
20116
98324
76961
82899
20897
91698
24430
57542
37838
70549
38796
11031
57949
19366
24845
53307
37550
87815
97024
13399
32655
18265
57545
45736
74312
22792
72801
98060
79275
21646
44141
87545
70621
60598
52894
89809
28845
17874
25472
56642
13109
56208
81193
49638
20700
71729
73098
445
39693
5045
73652
53278
98338
97176
79178
1652
85384
36832
52823
23349
83914
73851
18183
3513
37025
81258
90790
29051
99293
26979
15121
61008
14974
34695
27876
20916
60623
32424
36116
28240
81944
45478
57939
57952
91696
35112
1890
90224
20572
21043
98640
89098
37708
46192
72260
59703
36083
81205
99849
7338
10901
92047
28733
38734
83696
71223
9159
34463
25975
55293
41321
9939
24201
2037
83977
30780
51180
3315
25435
9994
6723
83989
59343
47588
59356
4325
57309
1170
77684
11594
67821
81483
56123
43326
73209
99946
73348
80854
76310
69859
33436
25394
17613
41904
96748
52281
57838
18754
67062
48470
28584
15899
32258
94640
55632
99405
99179
29945
74553
3094
92298
54560
14061
96594
51899
46974
88429
62194
44280
2507
64293
36563
13850
95014
55155
8760
10796
58370
1830
53760
35810
92322
5820
78055
12884
99467
63795
50544
12492
49298
8474
89800
30957
17222
40903
62338
36634
84445
90806
94529
69520
50426
30537
78193
26660
95548
70603
12001
94032
35725
72608
82583
19167
68605
95604
5549
51091
60777
88514
36838
63536
25327
44810
85056
10648
43762
97532
92194
27819
31159
66258
55514
68967
86809
8957
85948
97737
65608
36531
32626
39193
20313
92769
71212
47914
10280
25191
26136
76513
86363
6012
48207
17210
77936
17412
1824
97054
47482
54551
42344
23066
59640
65263
36741
4593
66299
80330
89357
41122
51750
89870
81845
75163
90599
85427
57978
30214
28542
72986
75446
97018
24876
83634
51490
35777
42529
85547
28322
52779
34005
81577
68902
98672
52720
94630
5648
59930
15680
34666
3189
42981
83465
64972
97319
85356
26786
53118
81344
86730
2240
55483
90289
45261
44203
61595
22960
31943
29080
96972
99508
37751
23017
14905
78808
32471
51523
3785
83875
85088
79126
87967
88441
16757
86185
65245
52728
85150
62993
53998
25075
53021
5941
53310
95887
59074
87982
59935
50304
34980
67664
79230
74762
32160
11059
31811
31905
99296
1287
62329
49837
3186
90066
40869
8954
85598
47584
81597
38416
67308
6421
22656
48603
23064
76095
33748
87275
54085
887
5110
24376
64019
30964
22417
56045
5060
64821
52737
98232
83007
30111
5208
78978
86014
13814
3270
32739
28144
45977
75986
21797
59570
64585
21102
78399
10325
39416
32569
89016
13182
54183
1439
11269
4701
3800
96827
39418
62989
96308
84422
43068
72173
7732
55412
58397
2372
37555
1927
72148
13318
23759
86151
7885
66358
97324
92758
80371
35005
24330
84592
33564
21361
57612
91788
85046
14375
90973
33694
64346
82454
24569
74225
7635
23238
35263
91076
22583
42064
62810
37772
15090
65902
97232
69294
16073
91967
59796
2940
33810
4395
93640
39994
87491
18088
79166
76410
78140
60618
9412
55771
42292
59289
68180
38985
51873
78223
37465
94561
25531
44322
13713
29048
91507
55744
53709
93915
21247
81119
33414
30875
12949
84695
68676
35381
57598
26015
93534
18957
2867
23155
71817
14422
2461
55435
17153
58226
23191
8342
94831
65544
82460
61469
57941
23095
55197
41635
30000
70177
59987
32292
44638
59789
70086
45622
86217
40991
52750
88300
2592
86857
29542
64158
73886
15954
56328
70173
62537
3976
42008
28388
82673
3166
45238
75199
66218
97851
72712
83605
89642
56394
97339
96592
54465
46383
24058
86125
983
46644
15972
57690
51798
49701
34388
73480
82897
48693
87947
60629
22605
26130
57249
71483
77837
27304
79611
80496
52508
22757
3365
43919
33997
91772
77400
87718
47643
68763
60716
8660
33801
96932
44625
9082
30001
79464
99834
71356
65806
94369
46403
99199
48008
87620
48702
59281
50816
13058
97659
25879
88723
3196
52403
47339
53608
80998
82650
99969
48221
10224
72601
37273
33342
83308
96317
9103
59811
31850
77050
63566
66489
57955
73779
16392
76011
99511
84334
48684
33916
74187
53482
9061
36946
8069
37038
98127
42215
64339
32895
2292
10452
92738
73793
23888
1071
19040
73372
64895
16786
23696
2161
68689
54601
32783
51636
88227
72982
39177
59988
69417
4812
69601
38847
84249
68953
41560
65222
83906
53162
1038
48132
6707
26296
35724
42746
64887
94785
5991
57165
31473
22457
57092
2725
66090
18463
56360
49101
80999
13568
40335
70147
11778
91526
74711
96716
24561
3482
63960
68830
57761
5977
19257
61444
88564
32925
2102
16543
9338
75818
44205
2891
69122
14941
73988
36265
50311
5732
17007
19861
9586
14777
50581
40256
93660
65949
48620
41766
4601
94727
12317
10797
45143
18407
34506
54141
95099
23036
76653
38053
53874
72447
49593
61191
8792
11228
83160
67962
16099
3990
9036
70591
35637
58336
46148
63348
56598
98534
16427
36042
6181
55078
28602
18420
71376
3936
5888
63356
51894
45948
17975
20794
66867
87075
82017
9988
43828
44017
16151
52315
47389
98888
44330
77826
92533
79880
67505
41057
53095
59729
8206
43205
85264
30415
79664
24257
82498
64079
35964
20002
50295
86095
6422
4499
28171
67971
84180
57227
64917
66893
6010
11950
78961
47642
43073
115
85235
93775
31394
39979
54823
30645
26912
77477
73409
95837
52193
32727
65729
32214
91207
91064
64751
20489
82287
72629
96878
83089
90797
33996
34846
44641
6901
11399
14575
3473
16131
95038
16499
9891
83710
78766
53256
50136
41979
62128
62012
26078
66370
88206
18191
47690
9434
55779
9995
4968
9378
12425
61184
48752
94924
89202
67921
81237
81708
58417
98567
58932
40003
14826
57677
59445
17926
33643
13972
71536
9404
40588
97108
31380
49642
83100
14584
80048
34092
26750
99389
38772
29758
42088
83021
36046
66466
20364
51404
36086
53508
69870
95768
64613
65410
97300
25246
73883
72791
92252
8668
59904
34884
20106
26974
94179
76024
80925
27512
31622
75996
39396
65393
45178
39227
57588
33152
54598
12036
20397
70367
22662
57980
76162
44491
62565
14533
15822
5604
13412
49007
62160
53375
41189
93944
27546
76533
59369
62333
36081
98092
8586
87554
10599
18711
54674
55740
78278
60208
46344
83033
78164
68710
27049
74331
66487
18635
44758
52447
46837
45273
30464
54321
53689
75758
99058
56596
65316
66400
79188
24289
46659
36887
48629
20199
45761
46395
37206
57046
85688
74527
85676
76511
18331
91261
49826
11866
18454
52374
89115
5682
44870
4604
12018
98134
29641
34137
50266
28880
64910
3046
57329
38083
20041
38820
19859
86022
23274
14110
89442
17932
29387
35747
94144
25672
83583
18413
74040
10392
68862
33806
78688
66284
91136
40425
87154
75943
74588
97611
58132
44529
15934
79483
39678
16347
6168
63733
71467
27788
41508
78129
25037
55870
73340
45912
53074
55602
45182
35982
19250
8551
34256
25514
72076
89818
65085
13149
8051
39068
52777
14528
70993
28414
14747
42063
46580
89974
41833
82050
39879
28215
7897
90992
9870
90044
97602
44560
55629
8033
1592
61743
40888
13812
25014
35962
48659
93091
19386
40023
48152
39897
99060
32057
28168
21067
30657
41506
16230
83729
88411
84065
93141
61266
6588
7065
21909
72476
22016
86641
57139
59335
98791
78524
99527
11675
84107
23641
6677
7266
44980
1977
57897
91844
74917
74590
73634
16470
16123
53877
821
13343
44918
20751
16915
62372
24522
6746
12289
87884
53946
62444
24995
19461
18287
51839
39501
77498
21935
19567
60721
82700
46833
56020
58726
9892
34358
95630
48212
82877
46784
99450
60621
95884
73381
98184
73879
72053
17944
11297
4194
92150
29525
38061
56285
66220
18038
53510
87951
74966
30811
65367
46898
9664
40303
77319
67816
88343
82166
30785
82288
46763
35838
73522
33215
23026
21692
75789
58999
31334
93571
61830
91287
59680
67366
92364
30725
95500
43198
84022
15455
50810
79926
84316
46694
55847
96283
50886
61749
16174
60272
10720
98378
26714
810
14068
87237
89715
91171
2579
39795
20433
31818
79132
42700
46963
22029
35865
4937
36358
51310
60450
96131
73080
93264
52991
55672
25882
44731
84522
65249
49092
3870
68559
13348
46792
70027
47650
35209
56765
32560
83889
25498
81694
30889
69319
48969
93003
89197
70738
58843
61043
64520
51742
4678
12616
43143
46900
33179
92575
80688
59676
34647
18788
91684
64933
99713
52323
99181
47590
10333
5688
61602
60051
26048
61456
78018
27058
53642
40357
33922
12567
68707
47928
30550
42735
87998
43029
82556
54794
50283
38894
48467
83190
2933
64362
30283
4606
41750
83817
11970
51621
92681
21560
51973
50874
28600
94311
4084
39263
79034
46465
37819
31451
87431
86352
18521
17752
83900
71983
22298
67809
33933
94074
15568
21843
5537
32941
19165
40885
55622
66831
83816
86166
46530
[...]
97649
32023
90808
26691
84376
78307
37392
87645
6391
23565
66300
96817
62752
5365
21902
88013
77082
70926
80852
10089
71707
54331
74823
19336
49182
50204
11042
57676
34330
69274
72403
31495
57489
88232
98646
2157
37457
76538
31271
88030
20012
28977
78542
29645
26279
70387
12781
33370
5524
41172
97705
77159
41444
73315
78780
44621
96580
32086
45084
70912
88346
35548
84490
58255
33278
66178
43629
12346
62152
92558
29039
37286
19631
80913
40591
1067
36660
53023
33322
87294
89309
69387
76565
48941
453
87838
81811
52674
33237
52046
88827
91737
6984
88891
60250
77685
12225
23685
12153
3545
8703
26446
57992
42296
75448
32018
40498
17058
44840
86485
60234
82188
71114
19280
28043
34174
76581
64221
64629
49932
32078
46054
28586
45396
7215
18747
17534
48067
3013
27585
15619
75146
73367
37067
64870
63690
83641
18841
76369
26148
72945
93407
8696
31284
6178
52533
83489
43347
32386
56423
33188
27316
5337
65167
74775
81788
62544
33691
39413
60497
70691
45218
15163
84994
79103
31904
7309
73978
78160
86781
48271
97895
83288
23000
11411
23052
6352
50015
87632
74771
44090
2232
88016
68374
53427
29573
97040
50338
7602
87317
66204
35674
63928
68087
16279
70149
37636
27448
56752
38543
9149
74249
96593
7022
91957
49020
25420
57870
79327
86792
44555
50783
79069
87484
52983
52047
82298
43796
12506
57762
92221
21322
28072
27521
19172
27954
22867
48093
8927
32307
64841
30759
87443
9813
61803
25553
44994
12327
24400
49595
84276
72489
3969
91650
75159
7559
47376
67672
10133
68281
71488
94564
89756
28970
97125
92571
38388
76131
74720
16169
56640
37998
44676
23264
32786
39590
27274
41256
25717
84439
58894
88866
21199
67695
78230
2775
8817
34017
23289
42797
49515
9497
20959
77921
19673
72130
97785
93594
22315
47220
46770
57968
8708
96312
51365
25136
18402
29337
27690
86096
13279
28502
35460
58363
32488
36578
6528
53504
77821
7996
95733
65319
52116
46818
13875
61616
73945
77566
65597
7974
29831
20966
30029
29866
99255
30842
32178
27119
58813
9621
13023
70311
37508
54095
17697
13313
89879
22638
43156
16663
71930
58635
155
51735
56806
44844
14401
29178
47962
90529
12108
60011
16950
11740
85915
44966
96321
19954
7376
61395
82637
52637
10158
12105
11315
63050
63721
28340
16459
81649
75649
76196
84501
48314
38200
12680
72302
91090
19234
36759
36590
5052
46265
93985
47343
14242
61553
33199
40274
44773
30892
45069
97911
25892
79162
76094
25438
70479
42468
20422
13521
16891
53933
18415
61419
4557
62060
48638
50756
90683
68039
64831
10121
98979
73355
8321
1410
28425
90652
71808
24095
32914
61740
73561
17526
81516
76629
14332
25069
35273
52518
62518
60469
58860
76771
77860
34153
29609
8988
26387
56696
90596
10690
61792
23074
28683
92632
7423
73216
63934
93186
14810
7245
51219
69317
18001
90109
19569
86558
5618
86487
30709
94568
53130
50685
87436
92329
34697
29357
85849
41166
11713
62949
31920
78739
28599
93787
7296
62492
99358
59573
77357
68305
10535
67000
70826
40923
95159
23634
92016
5003
41493
21374
90702
81581
9683
73987
94349
79870
80648
25799
76185
51630
56722
95797
41105
94296
355
12443
38160
22102
19500
47674
27925
88583
36957
83024
24332
29962
14853
40465
40195
99178
41961
50960
91970
96544
60688
83508
87695
74010
23242
99424
49549
22265
23142
31995
19083
73981
93305
43928
97061
75723
55852
63262
46477
67108
17026
11691
30094
42802
69108
69044
74450
46816
49583
4206
93862
95696
16015
87352
39102
74387
45442
24311
26490
59625
91784
51476
84251
69621
55729
44907
950
86846
98257
47996
60835
41814
43348
84074
35952
78923
99550
35435
25534
32854
77637
34765
38855
58181
59360
79201
612
62036
98786
86910
23835
23591
14997
34679
91376
38535
46739
81948
62058
89575
70634
81291
70160
12012
14169
89853
11019
28404
81729
63931
74691
2496
59446
99210
74458
99414
19133
56132
65500
77331
85436
20626
78790
78296
66718
44779
36102
6337
33602
47227
72993
98960
35945
93848
9691
49478
23275
40974
98698
13931
60114
95199
63789
77252
62403
84132
70966
52391
55648
57708
72368
52029
89262
59849
15341
76699
98851
20547
76871
72922
29833
85278
93327
73373
84030
54382
76875
70894
35399
33182
56397
5897
80505
6628
22724
53928
44422
52263
17837
91062
15266
13670
66201
1906
45044
91032
42486
78789
2062
49881
25172
78390
6630
31152
7694
23898
37449
56419
49629
32435
99684
30903
2271
47265
56933
14689
50996
65502
18565
26181
75073
70190
84416
61610
33468
16906
32528
85552
50154
17645
16546
75752
46121
36680
19101
42168
61003
79285
46552
23232
30546
6160
93046
77275
77311
53190
17085
39905
13450
13327
25837
84867
96673
38701
4396
18998
29966
39652
22683
7217
9284
39858
28942
59440
11357
11395
90838
14669
65849
75370
63049
91182
14432
8717
85842
90689
16106
58746
3650
56228
74689
81303
90312
82386
17373
91000
44396
3548
77648
32485
97282
4253
55525
47918
49090
15267
20252
44291
24700
3623
63145
3240
92564
6218
71120
74418
88443
25956
81475
59955
64015
54970
96727
21414
80422
47475
53069
30009
81793
61406
10118
45779
23384
20478
93202
84298
37445
72207
67228
83623
64305
86357
69750
78287
98337
87954
93398
4031
8120
77052
83503
20449
60320
28635
78995
99108
50400
86446
1186
17087
63150
9114
9153
2740
95847
91358
84446
61677
15640
15205
47955
96133
84524
97673
63644
73198
81770
98334
89433
6190
46905
73582
8137
25505
7099
77741
19932
5469
84987
63814
18234
72755
31776
43657
90322
53895
34177
80726
69578
78703
44737
77314
91367
89569
76591
81685
6144
48188
54959
46793
66453
39264
83690
46732
62210
11584
87265
52774
46494
45981
86518
46200
42281
45037
14920
78453
5543
5836
37999
65562
81336
74263
89659
18552
30028
68119
31573
18110
58841
16149
50201
31581
37765
2597
33063
75619
4771
97153
89754
55826
59495
3128
44537
19928
41774
10096
14590
91036
89705
26528
81867
1796
24592
52615
94747
74864
9862
83269
39326
15493
49765
43095
94201
82815
66858
55527
1310
45949
55135
91880
27939
33587
47567
95205
9454
73487
50961
64523
65016
71889
3472
38105
47634
12782
74024
35350
98277
33924
2817
2347
91416
87136
65084
10056
22826
97585
99042
31158
96066
84862
10889
41806
18472
66210
24157
23262
21438
95515
26360
53011
57616
76632
82206
97004
61681
13881
80934
39957
75674
83325
31071
77632
59407
47556
55980
44567
82103
11220
93991
63091
73771
17164
71673
34599
91569
5824
5716
48859
20105
35999
98434
73966
83454
53221
53615
65053
57591
15711
79920
37610
19192
29789
21989
45921
26806
51224
26496
43188
96453
21040
8054
46005
66702
22932
60520
93321
4297
39587
87368
38886
92979
59163
96151
19395
23593
64182
82318
76130
92208
50548
52738
29829
83837
32084
20202
98226
53255
64036
64209
1180
83888
27893
57084
49772
57088
7606
10832
30671
5893
5880
26386
50896
53412
18966
18922
16334
49448
92338
13767
89454
91639
70747
37239
83238
8195
89668
24446
21213
45462
5314
7063
45471
36428
44210
15645
18544
70721
55577
56884
22468
72695
82635
74722
65668
30846
333
9639
57925
43158
15326
5403
64296
37878
174
31777
83916
48412
33403
20285
19113
85223
5339
92626
44
18752
51060
23522
58092
44393
95151
67991
99071
16560
45587
39787
33380
11373
90291
98102
89121
83586
75150
26466
59149
4385
47483
31476
20790
9979
62747
46372
67388
19538
86650
84860
12523
16072
70077
21129
16503
19757
81723
58335
67185
88856
83648
14468
95851
57787
74291
2989
55675
56737
10414
44410
23364
53129
44360
54311
98400
34569
28126
82521
66446
79696
68626
60008
80749
31734
25414
10504
62321
48065
47427
84358
76166
90193
31903
47788
70485
89721
14440
44133
82806
50529
70068
36215
36508
21116
30076
11959
78753
77920
96850
33562
45233
64156
36414
35089
56431
20039
40516
69305
12074
76115
45530
76439
25743
63553
53629
89984
8797
91402
58816
78361
57479
74307
19633
70087
1093
23443
99393
66979
22436
11416
20180
58284
41262
91494
2934
98145
7146
36622
29941
30104
74961
7715
94597
43641
68561
38636
91977
7460
85726
99169
93533
48199
17295
9719
55984
34953
20537
42536
32244
4236
2701
7155
11249
73675
52040
77594
41707
22310
50936
64432
8808
7211
7071
49843
15758
31680
85416
17326
75829
51141
53199
73008
81226
66189
1520
39629
76194
77726
38533
55045
52886
39195
14773
20179
44887
52648
28199
35876
24757
28527
11266
39829
52431
10083
72676
40749
95353
13764
48492
13378
47586
33960
19433
81194
2211
54626
42203
16771
93720
90004
63169
4931
87337
72637
66426
72224
16910
91267
94690
42214
11030
88112
34740
1377
38326
27894
73602
65275
90760
56245
40091
59590
46947
80363
29252
78611
68904
67967
51291
62776
15281
26191
86623
860
14723
23544
49163
97801
91911
2961
59646
51693
4842
24551
68499
85755
71049
67384
44340
7946
85128
40198
54851
3522
60300
78207
62147
94335
24892
84607
20120
40844
16381
33162
83551
32836
97727
45826
53798
94679
54394
42498
29714
13345
59111
45115
14767
4375
53493
38569
40953
86903
44891
35924
4132
73285
70751
89223
64437
75481
99118
65352
32641
15458
94180
80910
62628
92521
93625
40679
33495
45562
85836
4834
37794
71994
92064
42401
96299
1125
81512
73131
17854
30890
77020
34389
15957
39823
13003
95470
4192
26656
15068
43908
57073
27505
46679
55531
22639
45840
4922
38278
66716
56368
30367
82228
49243
48796
69567
69978
98560
18303
91127
39927
16681
84849
61975
71218
95071
5056
95821
73057
66343
19678
37855
2732
6466
60615
6578
40929
51838
4997
73515
5662
26291
76502
49393
38370
40372
53437
60311
72661
4806
32697
67268
96499
12218
73009
2648
41836
47745
14032
4541
67890
4658
21207
26044
86700
96437
19136
80698
77570
25800
45018
34255
76794
79999
99233
60787
42
96175
62655
3662
9552
88083
58740
80797
56106
83691
70062
33608
71902
33239
75190
23136
99724
20788
63310
97763
75992
49854
19321
73963
23385
73101
3
94638
36355
17602
47474
67335
96287
64003
1709
71348
9685
78209
99237
43686
11560
52483
6356
46966
19667
32088
46666
52665
89531
8879
14720
82370
22152
43869
96753
76682
56686
20928
23612
48840
78778
48928
86393
42597
78035
62200
57961
3047
83581
20305
81178
23832
9075
34200
35099
41794
7257
60710
33619
7294
95157
15034
35787
1120
75628
67240
76147
80756
56635
96078
47704
11110
91071
79949
30693
12360
4807
97321
79953
80229
65574
94413
3222
66021
96732
87574
13120
73857
75232
69360
32794
92433
33638
47503
38439
55652
56600
1112
54765
78374
54274
10992
76703
29650
19196
22326
61566
44747
7761
2125
91424
39662
81085
35872
66091
82987
76952
23988
5639
69825
50299
6194
78681
92049
41377
69877
77868
69312
82138
74168
31656
99482
46827
93510
86188
77301
1758
11112
78880
72310
95971
98607
50351
62056
4983
23085
46214
69981
12624
16264
51563
61111
18487
45682
29751
47818
12533
49320
35581
63143
77900
95684
11004
81108
28365
44845
57422
82951
68129
95246
89884
5016
31665
64833
67064
58629
23574
14279
61221
43360
76491
40513
93309
64853
38581
63527
91103
29467
89428
27659
59457
86983
23244
52545
6939
20095
72634
40813
80292
8089
20495
59536
47412
35126
71082
95327
56665
47377
60760
24721
51457
49328
99147
52231
99996
81407
31769
32218
35792
36555
86481
15688
55068
22700
63328
13542
34633
89245
91502
19361
26832
84506
1463
31054
15633
29862
46689
97391
45553
18116
34265
67603
91994
50958
30504
26861
4441
31755
77411
16467
17068
41557
81574
17537
14111
98702
79035
4448
70729
60255
5625
10529
84821
58934
43895
9428
87094
45579
82223
69362
63922
45112
11169
455
42363
11233
76849
82024
4575
99741
29949
3041
28193
30358
38503
73376
29168
76791
54159
40449
61061
25258
52934
73691
48591
60238
33655
78049
1571
28913
90417
51861
39747
9793
59451
63711
15860
34595
89944
59724
87452
74903
68101
8477
39455
87403
82303
35762
49490
64988
2308
75283
54313
20123
34327
13017
21749
43045
45068
43900
26604
54668
91487
44462
38355
16133
90768
50059
61138
49497
25356
5710
81634
39571
65094
56593
35318
43098
5794
9634
48914
3332
98273
61080
9977
22616
46108
58636
39232
34981
49969
53103
81983
61337
90478
83453
46388
78523
95717
7149
63490
78747
38752
94140
73397
63139
5521
4896
54362
4958
76173
15984
29798
16320
39364
97917
3172
58180
73078
51012
72223
79794
97619
75721
57250
58171
56059
65137
77000
23795
68194
8335
28422
1295
99174
40613
72436
98272
44582
32953
92863
45229
97107
94453
78478
6300
3420
53764
93045
39082
81922
85545
52601
48159
44639
43338
20044
6047
38870
72337
52069
52998
39604
47945
27928
2131
74180
86236
54074
86916
62853
68585
66265
57145
34606
11203
66318
87342
74429
38373
2242
83887
67394
28259
89011
5026
25778
29007
49612
97840
242
36816
17165
89855
37152
89465
46677
43251
91351
1328
81491
20360
61087
16839
56389
38449
30006
33981
64496
26380
94662
95231
92719
36408
18398
93129
74906
14462
43162
83484
62913
29361
60343
46072
15729
43270
23071
91310
64802
93499
38192
58583
83272
31475
8242
33749
97569
8326
18352
85363
93099
66991
18354
88198
73874
54158
74146
90749
8092
4839
90866
27473
97006
22297
65048
89101
19589
38471
79304
25275
22524
39992
81782
20304
55929
75763
21558
33140
54990
35241
5790
12507
89595
66122
52740
4573
78201
77465
99157
24233
43211
74547
39383
57549
84977
44160
51349
58985
32255
29194
75259
93778
35616
45544
49203
79624
35364
69693
12708
12381
77779
18120
94845
54600
73564
44716
19666
20742
96866
83992
89550
47516
3034
10230
37180
58467
33948
47633
23588
22941
51528
52543
7616
92799
64736
38324
62693
41614
60050
85949
24962
21847
35977
2433
13328
49451
49270
77973
80873
78974
78075
14104
28597
45760
13137
37056
40413
43449
4435
70010
25274
58967
11697
18766
50034
47196
55065
52696
34472
59869
59878
27953
40250
40342
91294
2091
92924
52129
78602
76236
7601
50044
11303
45441
26001
67560
80782
93438
82375
42030
97927
62848
10969
92640
88080
78034
44123
30161
79519
90230
77363
32863
97242
41666
36496
3057
11063
3359
54083
40811
14196
61370
14018
23503
90862
24059
69765
34772
88102
5125
44958
3532
83119
72406
60162
14117
88270
67294
6573
3739
88072
94382
45005
21001
82416
63989
95647
64207
36735
22808
33325
54139
75951
13211
6147
59726
59638
23371
80584
43914
94171
33623
64138
95714
64394
36469
93276
18795
4451
27398
81673
14678
54341
46671
97353
10062
8443
91585
88689
94396
58009
57859
76968
72040
14782
37680
89456
82759
30788
24541
83002
24668
67462
3942
83121
72565
86138
62519
91260
48138
67088
73056
34165
47299
7170
73234
40998
89845
1082
54098
80567
13682
91147
57719
5188
36977
2790
98329
42058
52576
78347
55498
76139
64611
11327
13180
99827
61606
93832
70916
72306
12796
39910
2413
28946
74315
22352
7190
85589
82755
63266
54613
48904
79252
13163
66589
31259
34140
73042
15502
91621
37586
448
87055
86272
69958
5145
65513
11404
69476
46253
54186
92007
31097
46418
62966
82915
49922
84807
22556
89570
64040
28182
68865
19282
78016
48459
9676
15717
72394
50850
19120
32408
83948
61713
3849
94787
79429
21707
66761
24584
44981
48847
54946
38051
41209
37185
26098
47939
74322
2047
20709
94145
80677
48095
28850
56266
10947
82631
98980
54522
77028
96387
7301
67425
51804
4176
19645
82916
89285
92354
12957
80252
23986
56569
56122
50011
39783
40996
82694
25606
83414
43890
73917
14384
29996
11988
34455
43410
16450
67198
50834
49899
83099
90758
13755
55004
42211
17576
23497
40840
92951
43697
46125
65850
71798
95642
31399
15574
32461
85313
95126
19813
25632
40784
98495
52142
76034
75926
97950
72976
84184
12184
88059
85442
54366
83436
57383
32577
29882
75498
87673
79374
76298
73887
57023
65589
80200
18021
31913
21353
28694
52085
79234
58239
95838
34607
58225
94791
88942
91510
47291
37428
63856
34902
83558
36425
88861
10303
95660
749
19053
86335
40955
29773
1790
1525
49588
74430
5286
17028
19304
50770
99973
35986
60709
84285
50415
54433
32557
6357
15330
77298
68901
63576
24003
47574
55994
80819
31774
13848
30876
75223
90977
68809
48150
22186
71125
40636
75313
16308
81790
46012
5031
5814
14119
55151
39091
28094
85797
37834
93058
78481
91038
4965
77664
1396
60755
70850
73598
5172
24226
57935
41495
69029
65973
89904
63046
83301
38485
49743
7186
41603
18123
93061
80323
97980
31045
93108
74455
3613
86628
43648
4148
70426
9200
34896
48000
76037
19515
11842
12143
88153
4447
13401
92318
10640
88727
63017
72570
29932
42327
84783
7582
21281
895
30326
73356
17016
59981
1981
92633
61954
64018
98263
9181
76954
60933
91605
31670
5792
71144
27106
78056
29537
881
1552
82919
50971
13307
25831
90027
7008
2305
85426
92235
53819
33696
60568
19441
82315
61141
70310
67877
13493
16414
51922
45997
13145
84835
66305
30689
43660
3325
50576
77051
23237
11599
13778
22872
53389
19695
95629
81503
61088
5895
40013
14230
34191
34530
79320
77536
31712
62790
78628
98141
12759
96689
69444
13130
48750
69035
57154
8362
55628
70464
6211
16778
58520
16790
72802
32601
82283
8787
60881
26684
86542
46025
23583
89619
49735
38705
73794
71453
1798
41067
88665
43023
97435
95911
10106
96443
671
50870
23523
96860
73951
15258
26938
15748
96826
36845
81263
53180
1593
94150
11980
18847
27774
15803
36758
57135
66781
41606
12359
99214
66525
20853
5932
92784
59872
85301
54276
38404
75400
32778
40165
41970
77750
42274
28508
26738
61731
62586
25087
51145
88292
21559
53838
83264
75764
40287
93620
27511
39648
57934
23429
82140
29363
25076
1511
19308
19403
58881
65259
99790
69484
27808
6962
73065
13691
87355
39752
31366
92721
33151
86633
7579
22019
66539
64431
14603
97431
43777
47370
18446
42492
89746
52238
97007
22678
18757
81643
11996
57480
49483
61374
39119
71369
32527
71788
20821
96890
26505
97691
38730
38883
55380
9638
15730
94799
67219
63526
30241
16695
66109
17360
89804
59143
96355
20745
44193
29011
62257
39461
95140
27090
97796
51555
96550
97143
64109
42484
68815
36676
10141
83331
67076
]]></system-out>
  <system-err><![CDATA[]]></system-err>
</testsuite>
